2024-03-03 20:34:06,396 - WARNING - 'Settings' object has no attribute 'MAX_UPLOAD_SIZE'
2024-03-04 19:15:45,685 - WARNING - ValidationError: File type not allowed
2024-03-04 19:15:45,685 - WARNING - name 'WRONG_FILE_TYPE' is not defined
2024-03-04 19:16:18,506 - WARNING - ValidationError: File type not allowed
2024-03-04 19:16:18,506 - WARNING - name 'WRONG_FILE_TYPE' is not defined
2024-03-04 19:26:43,706 - WARNING - ValidationError: File type not allowed
2024-03-04 19:26:43,706 - WARNING - name 'WRONG_FILE_TYPE' is not defined
2024-03-04 19:27:06,227 - WARNING - ValidationError: File type not allowed
2024-03-04 19:27:06,227 - WARNING - name 'WRONG_FILE_TYPE' is not defined
2024-03-04 19:30:18,024 - WARNING - ValidationError: File type not allowed
2024-03-04 19:30:18,024 - WARNING - name 'WRONG_FILE_TYPE' is not defined
2024-03-04 19:32:46,599 - WARNING - ValidationError: File type not allowed
2024-03-04 19:32:46,600 - WARNING - name 'WRONG_FILE_TYPE' is not defined
2024-03-04 19:39:00,545 - WARNING - ValidationError: File type not allowed
2024-03-04 19:39:24,100 - WARNING - ValidationError: File type not allowed
2024-03-04 19:44:32,713 - WARNING - ValidationError: File type not allowed
2024-03-04 19:44:59,096 - WARNING - ValidationError: File type not allowed
2024-03-04 19:45:09,892 - WARNING - ValidationError: File type not allowed
2024-03-04 19:45:40,342 - WARNING - ValidationError: File type not allowed
2024-03-04 19:45:46,924 - WARNING - ValidationError: File type not allowed
2024-03-04 19:46:40,517 - WARNING - ValidationError: File type not allowed
2024-03-04 19:47:47,202 - WARNING - ValidationError: File type not allowed
2024-03-04 19:51:28,460 - WARNING - ValidationError: File type not allowed
2024-03-06 18:57:39,587 - WARNING - can only concatenate str (not "int") to str
2024-03-06 18:57:39,767 - WARNING - can only concatenate str (not "int") to str
2024-03-06 18:57:39,926 - WARNING - can only concatenate str (not "int") to str
2024-03-08 21:32:12,662 - WARNING - ValidationError: File type not allowed
2024-03-08 21:34:28,158 - WARNING - ValidationError: File type not allowed
2024-03-08 21:35:04,910 - WARNING - ValidationError: File type not allowed
2024-03-08 21:40:10,515 - WARNING - ValidationError: File type not allowed
2024-03-08 22:01:08,553 - WARNING - ValidationError: File type not allowed
2024-03-08 22:01:47,976 - WARNING - ValidationError: File type not allowed
2024-03-08 22:03:56,395 - WARNING - ValidationError: File type not allowed
2024-03-08 23:29:30,907 - WARNING - ValidationError: File type not allowed
2024-03-08 23:30:53,857 - INFO - upload folder for user liran121214 has been created successfully.
2024-03-19 07:11:37,821 - WARNING - ValidationError: File type not allowed
2024-03-19 07:15:56,545 - WARNING - ValidationError: File type not allowed
2024-03-19 07:16:15,467 - WARNING - ValidationError: File type not allowed
2024-03-19 07:16:21,634 - WARNING - ValidationError: File type not allowed
2024-03-19 07:16:38,367 - WARNING - ValidationError: File type not allowed
2024-03-19 07:17:19,621 - WARNING - ValidationError: File size exceeds the allowed limit
2024-03-19 07:22:19,723 - WARNING - ValidationError: File type not allowed
2024-03-19 07:22:26,813 - WARNING - ValidationError: File type not allowed
2024-03-28 09:37:39,270 - WARNING - ValidationError: File type not allowed
2024-05-12 22:18:51,316 - WARNING - ValidationError: File type not allowed
2024-05-12 22:18:58,721 - WARNING - ValidationError: File type not allowed
2024-05-13 20:02:26,523 - WARNING - ValidationError: File type not allowed
2024-05-14 20:17:46,875 - CRITICAL - Expecting value: line 1 column 1 (char 0)
2024-05-14 20:17:46,908 - CRITICAL - Expecting value: line 1 column 1 (char 0)
2024-05-14 20:17:46,909 - CRITICAL - Expecting value: line 1 column 1 (char 0)
2024-05-14 20:17:46,975 - CRITICAL - Expecting value: line 1 column 1 (char 0)
2024-05-14 20:17:46,977 - CRITICAL - Expecting value: line 1 column 1 (char 0)
2024-05-14 20:17:46,998 - CRITICAL - Expecting value: line 1 column 1 (char 0)
2024-05-14 20:17:47,520 - CRITICAL - Expecting value: line 1 column 1 (char 0)
2024-05-14 20:17:47,693 - CRITICAL - Expecting value: line 1 column 1 (char 0)
2024-05-14 20:17:47,693 - CRITICAL - Expecting value: line 1 column 1 (char 0)
2024-05-14 20:17:47,778 - CRITICAL - Expecting value: line 1 column 1 (char 0)
2024-05-14 20:17:47,808 - CRITICAL - Expecting value: line 1 column 1 (char 0)
2024-05-14 20:17:47,809 - CRITICAL - Expecting value: line 1 column 1 (char 0)
2024-05-14 20:17:48,045 - CRITICAL - Expecting value: line 1 column 1 (char 0)
2024-05-14 20:17:48,190 - CRITICAL - Expecting value: line 1 column 1 (char 0)
2024-05-14 20:17:48,298 - CRITICAL - Expecting value: line 1 column 1 (char 0)
2024-05-14 20:17:48,345 - CRITICAL - Expecting value: line 1 column 1 (char 0)
2024-05-14 20:17:48,405 - CRITICAL - Expecting value: line 1 column 1 (char 0)
2024-05-14 20:17:48,484 - CRITICAL - Expecting value: line 1 column 1 (char 0)
2024-05-14 20:17:48,608 - CRITICAL - Expecting value: line 1 column 1 (char 0)
2024-05-14 20:17:48,899 - CRITICAL - Expecting value: line 1 column 1 (char 0)
2024-05-14 20:17:48,932 - CRITICAL - Expecting value: line 1 column 1 (char 0)
2024-05-14 20:17:48,933 - CRITICAL - Expecting value: line 1 column 1 (char 0)
2024-05-14 20:17:49,061 - CRITICAL - Expecting value: line 1 column 1 (char 0)
2024-05-14 20:17:49,174 - CRITICAL - Expecting value: line 1 column 1 (char 0)
2024-05-14 20:17:49,305 - CRITICAL - Expecting value: line 1 column 1 (char 0)
2024-05-14 20:17:49,561 - CRITICAL - Expecting value: line 1 column 1 (char 0)
2024-05-14 20:17:49,692 - CRITICAL - Expecting value: line 1 column 1 (char 0)
2024-05-14 20:17:49,740 - CRITICAL - Expecting value: line 1 column 1 (char 0)
2024-05-14 20:17:49,741 - CRITICAL - Expecting value: line 1 column 1 (char 0)
2024-05-14 20:17:49,777 - CRITICAL - Expecting value: line 1 column 1 (char 0)
2024-05-14 20:17:49,883 - CRITICAL - Expecting value: line 1 column 1 (char 0)
2024-05-14 20:17:50,074 - CRITICAL - Expecting value: line 1 column 1 (char 0)
2024-05-14 20:17:50,168 - CRITICAL - Expecting value: line 1 column 1 (char 0)
2024-05-14 20:17:50,230 - CRITICAL - Expecting value: line 1 column 1 (char 0)
2024-05-14 20:17:50,312 - CRITICAL - Expecting value: line 1 column 1 (char 0)
2024-05-14 20:17:50,416 - CRITICAL - Expecting value: line 1 column 1 (char 0)
2024-05-14 20:17:50,616 - CRITICAL - Expecting value: line 1 column 1 (char 0)
2024-05-14 20:17:50,701 - CRITICAL - Expecting value: line 1 column 1 (char 0)
2024-05-14 20:17:50,935 - CRITICAL - Expecting value: line 1 column 1 (char 0)
2024-05-14 20:17:50,970 - CRITICAL - Expecting value: line 1 column 1 (char 0)
2024-05-14 20:17:50,976 - CRITICAL - Expecting value: line 1 column 1 (char 0)
2024-05-14 20:17:51,097 - CRITICAL - Expecting value: line 1 column 1 (char 0)
2024-05-14 20:17:51,124 - CRITICAL - Expecting value: line 1 column 1 (char 0)
2024-05-14 20:17:51,344 - CRITICAL - Expecting value: line 1 column 1 (char 0)
2024-05-14 20:17:51,367 - CRITICAL - Expecting value: line 1 column 1 (char 0)
2024-05-14 20:17:51,486 - CRITICAL - Expecting value: line 1 column 1 (char 0)
2024-05-14 20:17:51,487 - CRITICAL - Expecting value: line 1 column 1 (char 0)
2024-05-14 20:17:51,597 - CRITICAL - Expecting value: line 1 column 1 (char 0)
2024-05-14 20:17:51,747 - CRITICAL - Expecting value: line 1 column 1 (char 0)
2024-05-14 20:17:51,967 - CRITICAL - Expecting value: line 1 column 1 (char 0)
2024-05-14 20:17:51,994 - CRITICAL - Expecting value: line 1 column 1 (char 0)
