2024-04-27 11:34:28,057 - ERROR - invalid input syntax for type date: "06/2023"
LINE 1: ...ension_fund, total_net_payment, username) VALUES ('06/2023',...
                                                             ^
Traceback (most recent call last):
  File "C:\Dev\FinView_13_01_24\FinView\FinWeb\..\FinCore\Core.py", line 475, in add_payslip
    self.db.add_record(table_name='user_payslips', record_data=record_data)
  File "C:\Dev\FinView_13_01_24\FinView\FinWeb\..\RDBMS\PostgreSQL.py", line 81, in add_record
    cursor.execute(insert_query, list(record_data.values()))
psycopg2.errors.InvalidDatetimeFormat: invalid input syntax for type date: "06/2023"
LINE 1: ...ension_fund, total_net_payment, username) VALUES ('06/2023',...
                                                             ^

2024-04-27 11:44:13,314 - ERROR - invalid input syntax for type date: "06/2023"
LINE 1: ...ension_fund, total_net_payment, username) VALUES ('06/2023',...
                                                             ^
Traceback (most recent call last):
  File "C:\Dev\FinView_13_01_24\FinView\FinWeb\..\FinCore\Core.py", line 475, in add_payslip
    self.db.add_record(table_name='user_payslips', record_data=record_data)
  File "C:\Dev\FinView_13_01_24\FinView\FinWeb\..\RDBMS\PostgreSQL.py", line 81, in add_record
    cursor.execute(insert_query, list(record_data.values()))
psycopg2.errors.InvalidDatetimeFormat: invalid input syntax for type date: "06/2023"
LINE 1: ...ension_fund, total_net_payment, username) VALUES ('06/2023',...
                                                             ^

2024-04-27 17:08:59,922 - CRITICAL - Column: [global_hours], is not part of the [user_payslips] required_columns.
2024-04-27 17:09:29,777 - CRITICAL - Column: [global_hours], is not part of the [user_payslips] required_columns.
2024-04-27 17:11:46,278 - CRITICAL - Column: [global_hours], is not part of the [user_payslips] required_columns.
2024-04-27 17:17:48,379 - CRITICAL - Column: [global_hours], is not part of the [user_payslips] required_columns.
2024-05-13 20:03:40,247 - CRITICAL - Column: [card_type], is not part of the [user_credit_card_transactions] required_columns.
2024-05-13 20:03:40,250 - CRITICAL - Column: [card_type], is not part of the [user_credit_card_transactions] required_columns.
2024-05-13 20:03:40,253 - CRITICAL - Column: [card_type], is not part of the [user_credit_card_transactions] required_columns.
2024-05-13 20:03:40,255 - CRITICAL - Column: [card_type], is not part of the [user_credit_card_transactions] required_columns.
2024-05-13 20:03:40,258 - CRITICAL - Column: [card_type], is not part of the [user_credit_card_transactions] required_columns.
2024-05-13 20:03:40,260 - CRITICAL - Column: [card_type], is not part of the [user_credit_card_transactions] required_columns.
2024-05-13 20:03:40,263 - CRITICAL - Column: [card_type], is not part of the [user_credit_card_transactions] required_columns.
2024-05-13 20:03:40,265 - CRITICAL - Column: [card_type], is not part of the [user_credit_card_transactions] required_columns.
2024-05-13 20:03:40,268 - CRITICAL - Column: [card_type], is not part of the [user_credit_card_transactions] required_columns.
2024-05-13 20:03:40,270 - CRITICAL - Column: [card_type], is not part of the [user_credit_card_transactions] required_columns.
2024-05-13 20:03:40,273 - CRITICAL - Column: [card_type], is not part of the [user_credit_card_transactions] required_columns.
2024-05-13 20:03:40,275 - CRITICAL - Column: [card_type], is not part of the [user_credit_card_transactions] required_columns.
2024-05-13 20:03:40,278 - CRITICAL - Column: [card_type], is not part of the [user_credit_card_transactions] required_columns.
2024-05-13 20:03:40,280 - CRITICAL - Column: [card_type], is not part of the [user_credit_card_transactions] required_columns.
2024-05-13 20:03:40,283 - CRITICAL - Column: [card_type], is not part of the [user_credit_card_transactions] required_columns.
2024-05-13 20:03:40,286 - CRITICAL - Column: [card_type], is not part of the [user_credit_card_transactions] required_columns.
2024-05-13 20:03:40,288 - CRITICAL - Column: [card_type], is not part of the [user_credit_card_transactions] required_columns.
2024-05-13 20:03:40,291 - CRITICAL - Column: [card_type], is not part of the [user_credit_card_transactions] required_columns.
2024-05-13 20:03:40,293 - CRITICAL - Column: [card_type], is not part of the [user_credit_card_transactions] required_columns.
2024-05-13 20:03:40,296 - CRITICAL - Column: [card_type], is not part of the [user_credit_card_transactions] required_columns.
2024-05-13 20:03:40,298 - CRITICAL - Column: [card_type], is not part of the [user_credit_card_transactions] required_columns.
2024-05-13 20:03:40,301 - CRITICAL - Column: [card_type], is not part of the [user_credit_card_transactions] required_columns.
2024-05-13 20:03:40,304 - CRITICAL - Column: [card_type], is not part of the [user_credit_card_transactions] required_columns.
2024-05-13 20:03:40,307 - CRITICAL - Column: [card_type], is not part of the [user_credit_card_transactions] required_columns.
2024-05-13 20:03:40,309 - CRITICAL - Column: [card_type], is not part of the [user_credit_card_transactions] required_columns.
2024-05-13 20:03:40,312 - CRITICAL - Column: [card_type], is not part of the [user_credit_card_transactions] required_columns.
2024-05-13 20:03:40,314 - CRITICAL - Column: [card_type], is not part of the [user_credit_card_transactions] required_columns.
2024-05-13 20:03:40,317 - CRITICAL - Column: [card_type], is not part of the [user_credit_card_transactions] required_columns.
2024-05-13 20:03:40,320 - CRITICAL - Column: [card_type], is not part of the [user_credit_card_transactions] required_columns.
2024-05-13 20:03:40,322 - CRITICAL - Column: [card_type], is not part of the [user_credit_card_transactions] required_columns.
2024-05-13 20:03:40,325 - CRITICAL - Column: [card_type], is not part of the [user_credit_card_transactions] required_columns.
2024-05-13 20:03:40,328 - CRITICAL - Column: [card_type], is not part of the [user_credit_card_transactions] required_columns.
2024-05-13 20:03:40,330 - CRITICAL - Column: [card_type], is not part of the [user_credit_card_transactions] required_columns.
2024-05-13 20:03:40,333 - CRITICAL - Column: [card_type], is not part of the [user_credit_card_transactions] required_columns.
2024-05-13 20:03:40,336 - CRITICAL - Column: [card_type], is not part of the [user_credit_card_transactions] required_columns.
2024-05-13 20:03:40,339 - CRITICAL - Column: [card_type], is not part of the [user_credit_card_transactions] required_columns.
2024-05-13 20:03:40,341 - CRITICAL - Column: [card_type], is not part of the [user_credit_card_transactions] required_columns.
2024-05-13 20:03:40,344 - CRITICAL - Column: [card_type], is not part of the [user_credit_card_transactions] required_columns.
2024-05-13 20:03:40,347 - CRITICAL - Column: [card_type], is not part of the [user_credit_card_transactions] required_columns.
2024-05-13 20:03:40,349 - CRITICAL - Column: [card_type], is not part of the [user_credit_card_transactions] required_columns.
2024-05-13 20:03:40,352 - CRITICAL - Column: [card_type], is not part of the [user_credit_card_transactions] required_columns.
2024-05-13 20:03:40,355 - CRITICAL - Column: [card_type], is not part of the [user_credit_card_transactions] required_columns.
2024-05-13 20:03:40,357 - CRITICAL - Column: [card_type], is not part of the [user_credit_card_transactions] required_columns.
2024-05-13 20:03:40,360 - CRITICAL - Column: [card_type], is not part of the [user_credit_card_transactions] required_columns.
2024-05-13 20:03:40,362 - CRITICAL - Column: [card_type], is not part of the [user_credit_card_transactions] required_columns.
2024-05-13 20:03:40,365 - CRITICAL - Column: [card_type], is not part of the [user_credit_card_transactions] required_columns.
2024-05-13 20:03:40,368 - CRITICAL - Column: [card_type], is not part of the [user_credit_card_transactions] required_columns.
2024-05-13 20:03:40,370 - CRITICAL - Column: [card_type], is not part of the [user_credit_card_transactions] required_columns.
2024-05-13 20:03:40,373 - CRITICAL - Column: [card_type], is not part of the [user_credit_card_transactions] required_columns.
2024-05-13 20:03:40,376 - CRITICAL - Column: [card_type], is not part of the [user_credit_card_transactions] required_columns.
2024-05-13 20:03:40,379 - CRITICAL - Column: [card_type], is not part of the [user_credit_card_transactions] required_columns.
2024-05-13 20:03:40,382 - CRITICAL - Column: [card_type], is not part of the [user_credit_card_transactions] required_columns.
2024-05-13 20:03:40,384 - CRITICAL - Column: [card_type], is not part of the [user_credit_card_transactions] required_columns.
2024-05-13 20:03:40,387 - CRITICAL - Column: [card_type], is not part of the [user_credit_card_transactions] required_columns.
2024-05-13 20:03:40,390 - CRITICAL - Column: [card_type], is not part of the [user_credit_card_transactions] required_columns.
2024-05-13 20:03:40,392 - CRITICAL - Column: [card_type], is not part of the [user_credit_card_transactions] required_columns.
2024-05-13 20:03:40,395 - CRITICAL - Column: [card_type], is not part of the [user_credit_card_transactions] required_columns.
2024-05-13 20:03:40,398 - CRITICAL - Column: [card_type], is not part of the [user_credit_card_transactions] required_columns.
2024-05-13 20:03:40,400 - CRITICAL - Column: [card_type], is not part of the [user_credit_card_transactions] required_columns.
2024-05-13 20:03:40,403 - CRITICAL - Column: [card_type], is not part of the [user_credit_card_transactions] required_columns.
2024-05-13 20:03:40,406 - CRITICAL - Column: [card_type], is not part of the [user_credit_card_transactions] required_columns.
2024-05-13 20:03:40,408 - CRITICAL - Column: [card_type], is not part of the [user_credit_card_transactions] required_columns.
2024-05-13 20:03:40,411 - CRITICAL - Column: [card_type], is not part of the [user_credit_card_transactions] required_columns.
2024-05-13 20:03:40,414 - CRITICAL - Column: [card_type], is not part of the [user_credit_card_transactions] required_columns.
2024-05-13 20:03:40,417 - CRITICAL - Column: [card_type], is not part of the [user_credit_card_transactions] required_columns.
2024-05-13 20:03:40,419 - CRITICAL - Column: [card_type], is not part of the [user_credit_card_transactions] required_columns.
2024-05-13 20:03:40,422 - CRITICAL - Column: [card_type], is not part of the [user_credit_card_transactions] required_columns.
2024-05-13 20:03:40,425 - CRITICAL - Column: [card_type], is not part of the [user_credit_card_transactions] required_columns.
2024-05-13 20:03:40,428 - CRITICAL - Column: [card_type], is not part of the [user_credit_card_transactions] required_columns.
2024-05-13 20:03:40,431 - CRITICAL - Column: [card_type], is not part of the [user_credit_card_transactions] required_columns.
2024-05-13 20:03:40,433 - CRITICAL - Column: [card_type], is not part of the [user_credit_card_transactions] required_columns.
2024-05-13 20:03:40,436 - CRITICAL - Column: [card_type], is not part of the [user_credit_card_transactions] required_columns.
2024-05-13 20:03:40,438 - CRITICAL - Column: [card_type], is not part of the [user_credit_card_transactions] required_columns.
2024-05-13 20:03:40,441 - CRITICAL - Column: [card_type], is not part of the [user_credit_card_transactions] required_columns.
2024-05-13 20:03:40,444 - CRITICAL - Column: [card_type], is not part of the [user_credit_card_transactions] required_columns.
2024-05-13 20:03:40,447 - CRITICAL - Column: [card_type], is not part of the [user_credit_card_transactions] required_columns.
2024-05-13 20:03:40,449 - CRITICAL - Column: [card_type], is not part of the [user_credit_card_transactions] required_columns.
2024-05-13 20:03:40,452 - CRITICAL - Column: [card_type], is not part of the [user_credit_card_transactions] required_columns.
2024-05-13 20:03:40,454 - CRITICAL - Column: [card_type], is not part of the [user_credit_card_transactions] required_columns.
2024-05-13 20:03:40,457 - CRITICAL - Column: [card_type], is not part of the [user_credit_card_transactions] required_columns.
2024-05-13 20:03:40,460 - CRITICAL - Column: [card_type], is not part of the [user_credit_card_transactions] required_columns.
2024-05-13 20:03:40,463 - CRITICAL - Column: [card_type], is not part of the [user_credit_card_transactions] required_columns.
2024-05-13 20:03:40,465 - CRITICAL - Column: [card_type], is not part of the [user_credit_card_transactions] required_columns.
2024-05-13 20:03:40,468 - CRITICAL - Column: [card_type], is not part of the [user_credit_card_transactions] required_columns.
2024-05-13 20:03:40,471 - CRITICAL - Column: [card_type], is not part of the [user_credit_card_transactions] required_columns.
2024-05-13 20:03:40,473 - CRITICAL - Column: [card_type], is not part of the [user_credit_card_transactions] required_columns.
2024-05-13 20:03:40,476 - CRITICAL - Column: [card_type], is not part of the [user_credit_card_transactions] required_columns.
2024-05-13 20:03:40,479 - CRITICAL - Column: [card_type], is not part of the [user_credit_card_transactions] required_columns.
2024-05-13 20:03:40,482 - CRITICAL - Column: [card_type], is not part of the [user_credit_card_transactions] required_columns.
2024-05-13 20:03:40,485 - CRITICAL - Column: [card_type], is not part of the [user_credit_card_transactions] required_columns.
2024-05-13 20:03:40,487 - CRITICAL - Column: [card_type], is not part of the [user_credit_card_transactions] required_columns.
2024-05-13 20:03:40,490 - CRITICAL - Column: [card_type], is not part of the [user_credit_card_transactions] required_columns.
2024-05-13 20:03:40,493 - CRITICAL - Column: [card_type], is not part of the [user_credit_card_transactions] required_columns.
2024-05-13 20:03:40,496 - CRITICAL - Column: [card_type], is not part of the [user_credit_card_transactions] required_columns.
2024-05-13 20:03:40,499 - CRITICAL - Column: [card_type], is not part of the [user_credit_card_transactions] required_columns.
2024-05-13 20:03:40,503 - CRITICAL - Column: [card_type], is not part of the [user_credit_card_transactions] required_columns.
2024-05-13 20:03:40,505 - CRITICAL - Column: [card_type], is not part of the [user_credit_card_transactions] required_columns.
2024-05-13 20:03:40,508 - CRITICAL - Column: [card_type], is not part of the [user_credit_card_transactions] required_columns.
2024-05-13 20:03:40,511 - CRITICAL - Column: [card_type], is not part of the [user_credit_card_transactions] required_columns.
2024-05-13 20:03:40,513 - CRITICAL - Column: [card_type], is not part of the [user_credit_card_transactions] required_columns.
2024-05-13 20:03:40,516 - CRITICAL - Column: [card_type], is not part of the [user_credit_card_transactions] required_columns.
2024-05-13 20:03:40,519 - CRITICAL - Column: [card_type], is not part of the [user_credit_card_transactions] required_columns.
2024-05-13 20:03:40,521 - CRITICAL - Column: [card_type], is not part of the [user_credit_card_transactions] required_columns.
2024-05-13 20:03:40,524 - CRITICAL - Column: [card_type], is not part of the [user_credit_card_transactions] required_columns.
2024-05-13 20:03:40,526 - CRITICAL - Column: [card_type], is not part of the [user_credit_card_transactions] required_columns.
2024-05-13 20:03:40,528 - CRITICAL - Column: [card_type], is not part of the [user_credit_card_transactions] required_columns.
2024-05-13 20:03:40,531 - CRITICAL - Column: [card_type], is not part of the [user_credit_card_transactions] required_columns.
2024-05-13 20:03:40,534 - CRITICAL - Column: [card_type], is not part of the [user_credit_card_transactions] required_columns.
2024-05-13 20:03:40,537 - CRITICAL - Column: [card_type], is not part of the [user_credit_card_transactions] required_columns.
2024-05-13 20:03:40,539 - CRITICAL - Column: [card_type], is not part of the [user_credit_card_transactions] required_columns.
2024-05-13 20:06:44,700 - CRITICAL - Column: [card_type], is not part of the [user_credit_card_transactions] required_columns.
2024-05-13 20:06:44,703 - CRITICAL - Column: [card_type], is not part of the [user_credit_card_transactions] required_columns.
2024-05-13 20:06:44,706 - CRITICAL - Column: [card_type], is not part of the [user_credit_card_transactions] required_columns.
2024-05-13 20:06:44,709 - CRITICAL - Column: [card_type], is not part of the [user_credit_card_transactions] required_columns.
2024-05-13 20:06:44,712 - CRITICAL - Column: [card_type], is not part of the [user_credit_card_transactions] required_columns.
2024-05-13 20:06:44,715 - CRITICAL - Column: [card_type], is not part of the [user_credit_card_transactions] required_columns.
2024-05-13 20:06:44,718 - CRITICAL - Column: [card_type], is not part of the [user_credit_card_transactions] required_columns.
2024-05-13 20:06:44,720 - CRITICAL - Column: [card_type], is not part of the [user_credit_card_transactions] required_columns.
2024-05-13 20:06:44,723 - CRITICAL - Column: [card_type], is not part of the [user_credit_card_transactions] required_columns.
2024-05-13 20:06:44,726 - CRITICAL - Column: [card_type], is not part of the [user_credit_card_transactions] required_columns.
2024-05-13 20:06:44,729 - CRITICAL - Column: [card_type], is not part of the [user_credit_card_transactions] required_columns.
2024-05-13 20:06:44,733 - CRITICAL - Column: [card_type], is not part of the [user_credit_card_transactions] required_columns.
2024-05-13 20:06:44,736 - CRITICAL - Column: [card_type], is not part of the [user_credit_card_transactions] required_columns.
2024-05-13 20:06:44,739 - CRITICAL - Column: [card_type], is not part of the [user_credit_card_transactions] required_columns.
2024-05-13 20:06:44,742 - CRITICAL - Column: [card_type], is not part of the [user_credit_card_transactions] required_columns.
2024-05-13 20:06:44,745 - CRITICAL - Column: [card_type], is not part of the [user_credit_card_transactions] required_columns.
2024-05-13 20:06:44,748 - CRITICAL - Column: [card_type], is not part of the [user_credit_card_transactions] required_columns.
2024-05-13 20:06:44,751 - CRITICAL - Column: [card_type], is not part of the [user_credit_card_transactions] required_columns.
2024-05-13 20:06:44,754 - CRITICAL - Column: [card_type], is not part of the [user_credit_card_transactions] required_columns.
2024-05-13 20:06:44,757 - CRITICAL - Column: [card_type], is not part of the [user_credit_card_transactions] required_columns.
2024-05-13 20:06:44,760 - CRITICAL - Column: [card_type], is not part of the [user_credit_card_transactions] required_columns.
2024-05-13 20:06:44,763 - CRITICAL - Column: [card_type], is not part of the [user_credit_card_transactions] required_columns.
2024-05-13 20:06:44,766 - CRITICAL - Column: [card_type], is not part of the [user_credit_card_transactions] required_columns.
2024-05-13 20:06:44,769 - CRITICAL - Column: [card_type], is not part of the [user_credit_card_transactions] required_columns.
2024-05-13 20:06:44,772 - CRITICAL - Column: [card_type], is not part of the [user_credit_card_transactions] required_columns.
2024-05-13 20:06:44,775 - CRITICAL - Column: [card_type], is not part of the [user_credit_card_transactions] required_columns.
2024-05-13 20:06:44,777 - CRITICAL - Column: [card_type], is not part of the [user_credit_card_transactions] required_columns.
2024-05-13 20:06:44,780 - CRITICAL - Column: [card_type], is not part of the [user_credit_card_transactions] required_columns.
2024-05-13 20:06:44,783 - CRITICAL - Column: [card_type], is not part of the [user_credit_card_transactions] required_columns.
2024-05-13 20:06:44,785 - CRITICAL - Column: [card_type], is not part of the [user_credit_card_transactions] required_columns.
2024-05-13 20:06:44,788 - CRITICAL - Column: [card_type], is not part of the [user_credit_card_transactions] required_columns.
2024-05-13 20:06:44,790 - CRITICAL - Column: [card_type], is not part of the [user_credit_card_transactions] required_columns.
2024-05-13 20:06:44,793 - CRITICAL - Column: [card_type], is not part of the [user_credit_card_transactions] required_columns.
2024-05-13 20:06:44,795 - CRITICAL - Column: [card_type], is not part of the [user_credit_card_transactions] required_columns.
2024-05-13 20:06:44,798 - CRITICAL - Column: [card_type], is not part of the [user_credit_card_transactions] required_columns.
2024-05-13 20:06:44,800 - CRITICAL - Column: [card_type], is not part of the [user_credit_card_transactions] required_columns.
2024-05-13 20:06:44,803 - CRITICAL - Column: [card_type], is not part of the [user_credit_card_transactions] required_columns.
2024-05-13 20:06:44,806 - CRITICAL - Column: [card_type], is not part of the [user_credit_card_transactions] required_columns.
2024-05-13 20:06:44,808 - CRITICAL - Column: [card_type], is not part of the [user_credit_card_transactions] required_columns.
2024-05-13 20:06:44,811 - CRITICAL - Column: [card_type], is not part of the [user_credit_card_transactions] required_columns.
2024-05-13 20:06:44,813 - CRITICAL - Column: [card_type], is not part of the [user_credit_card_transactions] required_columns.
2024-05-13 20:06:44,816 - CRITICAL - Column: [card_type], is not part of the [user_credit_card_transactions] required_columns.
2024-05-13 20:06:44,818 - CRITICAL - Column: [card_type], is not part of the [user_credit_card_transactions] required_columns.
2024-05-13 20:06:44,821 - CRITICAL - Column: [card_type], is not part of the [user_credit_card_transactions] required_columns.
2024-05-13 20:06:44,823 - CRITICAL - Column: [card_type], is not part of the [user_credit_card_transactions] required_columns.
2024-05-13 20:06:44,826 - CRITICAL - Column: [card_type], is not part of the [user_credit_card_transactions] required_columns.
2024-05-13 20:06:44,828 - CRITICAL - Column: [card_type], is not part of the [user_credit_card_transactions] required_columns.
2024-05-13 20:06:44,831 - CRITICAL - Column: [card_type], is not part of the [user_credit_card_transactions] required_columns.
2024-05-13 20:06:44,833 - CRITICAL - Column: [card_type], is not part of the [user_credit_card_transactions] required_columns.
2024-05-13 20:06:44,836 - CRITICAL - Column: [card_type], is not part of the [user_credit_card_transactions] required_columns.
2024-05-13 20:06:44,838 - CRITICAL - Column: [card_type], is not part of the [user_credit_card_transactions] required_columns.
2024-05-13 20:06:44,841 - CRITICAL - Column: [card_type], is not part of the [user_credit_card_transactions] required_columns.
2024-05-13 20:06:44,843 - CRITICAL - Column: [card_type], is not part of the [user_credit_card_transactions] required_columns.
2024-05-13 20:06:44,846 - CRITICAL - Column: [card_type], is not part of the [user_credit_card_transactions] required_columns.
2024-05-13 20:06:44,848 - CRITICAL - Column: [card_type], is not part of the [user_credit_card_transactions] required_columns.
2024-05-13 20:06:44,851 - CRITICAL - Column: [card_type], is not part of the [user_credit_card_transactions] required_columns.
2024-05-13 20:06:44,853 - CRITICAL - Column: [card_type], is not part of the [user_credit_card_transactions] required_columns.
2024-05-13 20:06:44,856 - CRITICAL - Column: [card_type], is not part of the [user_credit_card_transactions] required_columns.
2024-05-13 20:06:44,858 - CRITICAL - Column: [card_type], is not part of the [user_credit_card_transactions] required_columns.
2024-05-13 20:06:44,861 - CRITICAL - Column: [card_type], is not part of the [user_credit_card_transactions] required_columns.
2024-05-13 20:06:44,863 - CRITICAL - Column: [card_type], is not part of the [user_credit_card_transactions] required_columns.
2024-05-13 20:06:44,866 - CRITICAL - Column: [card_type], is not part of the [user_credit_card_transactions] required_columns.
2024-05-13 20:06:44,868 - CRITICAL - Column: [card_type], is not part of the [user_credit_card_transactions] required_columns.
2024-05-13 20:06:44,871 - CRITICAL - Column: [card_type], is not part of the [user_credit_card_transactions] required_columns.
2024-05-13 20:06:44,873 - CRITICAL - Column: [card_type], is not part of the [user_credit_card_transactions] required_columns.
2024-05-13 20:06:44,876 - CRITICAL - Column: [card_type], is not part of the [user_credit_card_transactions] required_columns.
2024-05-13 20:06:44,878 - CRITICAL - Column: [card_type], is not part of the [user_credit_card_transactions] required_columns.
2024-05-13 20:06:44,881 - CRITICAL - Column: [card_type], is not part of the [user_credit_card_transactions] required_columns.
2024-05-13 20:06:44,883 - CRITICAL - Column: [card_type], is not part of the [user_credit_card_transactions] required_columns.
2024-05-13 20:06:44,886 - CRITICAL - Column: [card_type], is not part of the [user_credit_card_transactions] required_columns.
2024-05-13 20:06:44,888 - CRITICAL - Column: [card_type], is not part of the [user_credit_card_transactions] required_columns.
2024-05-13 20:06:44,891 - CRITICAL - Column: [card_type], is not part of the [user_credit_card_transactions] required_columns.
2024-05-13 20:06:44,895 - CRITICAL - Column: [card_type], is not part of the [user_credit_card_transactions] required_columns.
2024-05-13 20:06:44,898 - CRITICAL - Column: [card_type], is not part of the [user_credit_card_transactions] required_columns.
2024-05-13 20:06:44,900 - CRITICAL - Column: [card_type], is not part of the [user_credit_card_transactions] required_columns.
2024-05-13 20:06:44,903 - CRITICAL - Column: [card_type], is not part of the [user_credit_card_transactions] required_columns.
2024-05-13 20:06:44,905 - CRITICAL - Column: [card_type], is not part of the [user_credit_card_transactions] required_columns.
2024-05-13 20:06:44,908 - CRITICAL - Column: [card_type], is not part of the [user_credit_card_transactions] required_columns.
2024-05-13 20:06:44,910 - CRITICAL - Column: [card_type], is not part of the [user_credit_card_transactions] required_columns.
2024-05-13 20:06:44,913 - CRITICAL - Column: [card_type], is not part of the [user_credit_card_transactions] required_columns.
2024-05-13 20:06:44,915 - CRITICAL - Column: [card_type], is not part of the [user_credit_card_transactions] required_columns.
2024-05-13 20:06:44,918 - CRITICAL - Column: [card_type], is not part of the [user_credit_card_transactions] required_columns.
2024-05-13 20:06:44,920 - CRITICAL - Column: [card_type], is not part of the [user_credit_card_transactions] required_columns.
2024-05-13 20:06:44,923 - CRITICAL - Column: [card_type], is not part of the [user_credit_card_transactions] required_columns.
2024-05-13 20:06:44,925 - CRITICAL - Column: [card_type], is not part of the [user_credit_card_transactions] required_columns.
2024-05-13 20:06:44,928 - CRITICAL - Column: [card_type], is not part of the [user_credit_card_transactions] required_columns.
2024-05-13 20:06:44,930 - CRITICAL - Column: [card_type], is not part of the [user_credit_card_transactions] required_columns.
2024-05-13 20:06:44,933 - CRITICAL - Column: [card_type], is not part of the [user_credit_card_transactions] required_columns.
2024-05-13 20:06:44,936 - CRITICAL - Column: [card_type], is not part of the [user_credit_card_transactions] required_columns.
2024-05-13 20:06:44,938 - CRITICAL - Column: [card_type], is not part of the [user_credit_card_transactions] required_columns.
2024-05-13 20:06:44,941 - CRITICAL - Column: [card_type], is not part of the [user_credit_card_transactions] required_columns.
2024-05-13 20:06:44,944 - CRITICAL - Column: [card_type], is not part of the [user_credit_card_transactions] required_columns.
2024-05-13 20:06:44,947 - CRITICAL - Column: [card_type], is not part of the [user_credit_card_transactions] required_columns.
2024-05-13 20:06:44,949 - CRITICAL - Column: [card_type], is not part of the [user_credit_card_transactions] required_columns.
2024-05-13 20:06:44,952 - CRITICAL - Column: [card_type], is not part of the [user_credit_card_transactions] required_columns.
2024-05-13 20:06:44,955 - CRITICAL - Column: [card_type], is not part of the [user_credit_card_transactions] required_columns.
2024-05-13 20:06:44,958 - CRITICAL - Column: [card_type], is not part of the [user_credit_card_transactions] required_columns.
2024-05-13 20:06:44,960 - CRITICAL - Column: [card_type], is not part of the [user_credit_card_transactions] required_columns.
2024-05-13 20:06:44,963 - CRITICAL - Column: [card_type], is not part of the [user_credit_card_transactions] required_columns.
2024-05-13 20:06:44,966 - CRITICAL - Column: [card_type], is not part of the [user_credit_card_transactions] required_columns.
2024-05-13 20:06:44,968 - CRITICAL - Column: [card_type], is not part of the [user_credit_card_transactions] required_columns.
2024-05-13 20:06:44,971 - CRITICAL - Column: [card_type], is not part of the [user_credit_card_transactions] required_columns.
2024-05-13 20:06:44,974 - CRITICAL - Column: [card_type], is not part of the [user_credit_card_transactions] required_columns.
2024-05-13 20:06:44,976 - CRITICAL - Column: [card_type], is not part of the [user_credit_card_transactions] required_columns.
2024-05-13 20:06:44,979 - CRITICAL - Column: [card_type], is not part of the [user_credit_card_transactions] required_columns.
2024-05-13 20:06:44,982 - CRITICAL - Column: [card_type], is not part of the [user_credit_card_transactions] required_columns.
2024-05-13 20:06:44,984 - CRITICAL - Column: [card_type], is not part of the [user_credit_card_transactions] required_columns.
2024-05-13 20:06:44,987 - CRITICAL - Column: [card_type], is not part of the [user_credit_card_transactions] required_columns.
2024-05-13 20:06:44,990 - CRITICAL - Column: [card_type], is not part of the [user_credit_card_transactions] required_columns.
2024-05-13 20:06:44,992 - CRITICAL - Column: [card_type], is not part of the [user_credit_card_transactions] required_columns.
2024-05-13 20:46:13,122 - CRITICAL - Column: [card_type], is not part of the [user_credit_card_transactions] required_columns.
2024-05-13 20:46:13,127 - CRITICAL - Column: [card_type], is not part of the [user_credit_card_transactions] required_columns.
2024-05-13 20:46:13,130 - CRITICAL - Column: [card_type], is not part of the [user_credit_card_transactions] required_columns.
2024-05-13 20:46:13,134 - CRITICAL - Column: [card_type], is not part of the [user_credit_card_transactions] required_columns.
2024-05-13 20:46:13,138 - CRITICAL - Column: [card_type], is not part of the [user_credit_card_transactions] required_columns.
2024-05-13 20:46:13,141 - CRITICAL - Column: [card_type], is not part of the [user_credit_card_transactions] required_columns.
2024-05-13 20:46:13,145 - CRITICAL - Column: [card_type], is not part of the [user_credit_card_transactions] required_columns.
2024-05-13 20:46:13,148 - CRITICAL - Column: [card_type], is not part of the [user_credit_card_transactions] required_columns.
2024-05-13 20:46:13,152 - CRITICAL - Column: [card_type], is not part of the [user_credit_card_transactions] required_columns.
2024-05-13 20:46:13,185 - CRITICAL - Column: [card_type], is not part of the [user_credit_card_transactions] required_columns.
2024-05-13 20:46:13,188 - CRITICAL - Column: [card_type], is not part of the [user_credit_card_transactions] required_columns.
2024-05-13 20:46:13,192 - CRITICAL - Column: [card_type], is not part of the [user_credit_card_transactions] required_columns.
2024-05-13 20:46:13,196 - CRITICAL - Column: [card_type], is not part of the [user_credit_card_transactions] required_columns.
2024-05-13 20:46:13,200 - CRITICAL - Column: [card_type], is not part of the [user_credit_card_transactions] required_columns.
2024-05-13 20:46:13,203 - CRITICAL - Column: [card_type], is not part of the [user_credit_card_transactions] required_columns.
2024-05-13 20:46:13,207 - CRITICAL - Column: [card_type], is not part of the [user_credit_card_transactions] required_columns.
2024-05-13 20:46:13,211 - CRITICAL - Column: [card_type], is not part of the [user_credit_card_transactions] required_columns.
2024-05-13 20:46:13,214 - CRITICAL - Column: [card_type], is not part of the [user_credit_card_transactions] required_columns.
2024-05-13 20:46:13,218 - CRITICAL - Column: [card_type], is not part of the [user_credit_card_transactions] required_columns.
2024-05-13 20:46:13,222 - CRITICAL - Column: [card_type], is not part of the [user_credit_card_transactions] required_columns.
2024-05-13 20:46:13,226 - CRITICAL - Column: [card_type], is not part of the [user_credit_card_transactions] required_columns.
2024-05-13 20:46:13,229 - CRITICAL - Column: [card_type], is not part of the [user_credit_card_transactions] required_columns.
2024-05-13 20:46:13,235 - CRITICAL - Column: [card_type], is not part of the [user_credit_card_transactions] required_columns.
2024-05-13 20:46:13,238 - CRITICAL - Column: [card_type], is not part of the [user_credit_card_transactions] required_columns.
2024-05-13 20:46:13,242 - CRITICAL - Column: [card_type], is not part of the [user_credit_card_transactions] required_columns.
2024-05-13 20:46:13,246 - CRITICAL - Column: [card_type], is not part of the [user_credit_card_transactions] required_columns.
2024-05-13 20:46:13,251 - CRITICAL - Column: [card_type], is not part of the [user_credit_card_transactions] required_columns.
2024-05-13 20:46:13,255 - CRITICAL - Column: [card_type], is not part of the [user_credit_card_transactions] required_columns.
2024-05-13 20:46:13,259 - CRITICAL - Column: [card_type], is not part of the [user_credit_card_transactions] required_columns.
2024-05-13 20:46:13,262 - CRITICAL - Column: [card_type], is not part of the [user_credit_card_transactions] required_columns.
2024-05-13 20:46:13,286 - CRITICAL - Column: [card_type], is not part of the [user_credit_card_transactions] required_columns.
2024-05-13 20:46:13,289 - CRITICAL - Column: [card_type], is not part of the [user_credit_card_transactions] required_columns.
2024-05-13 20:46:13,293 - CRITICAL - Column: [card_type], is not part of the [user_credit_card_transactions] required_columns.
2024-05-13 20:46:13,297 - CRITICAL - Column: [card_type], is not part of the [user_credit_card_transactions] required_columns.
2024-05-13 20:46:13,300 - CRITICAL - Column: [card_type], is not part of the [user_credit_card_transactions] required_columns.
2024-05-13 20:46:13,307 - CRITICAL - Column: [card_type], is not part of the [user_credit_card_transactions] required_columns.
2024-05-13 20:46:13,313 - CRITICAL - Column: [card_type], is not part of the [user_credit_card_transactions] required_columns.
2024-05-13 20:46:13,317 - CRITICAL - Column: [card_type], is not part of the [user_credit_card_transactions] required_columns.
2024-05-13 20:46:13,322 - CRITICAL - Column: [card_type], is not part of the [user_credit_card_transactions] required_columns.
2024-05-13 20:46:13,327 - CRITICAL - Column: [card_type], is not part of the [user_credit_card_transactions] required_columns.
2024-05-13 20:46:13,331 - CRITICAL - Column: [card_type], is not part of the [user_credit_card_transactions] required_columns.
2024-05-13 20:46:13,365 - CRITICAL - Column: [card_type], is not part of the [user_credit_card_transactions] required_columns.
2024-05-13 20:46:13,369 - CRITICAL - Column: [card_type], is not part of the [user_credit_card_transactions] required_columns.
2024-05-13 20:46:13,373 - CRITICAL - Column: [card_type], is not part of the [user_credit_card_transactions] required_columns.
2024-05-13 20:46:13,376 - CRITICAL - Column: [card_type], is not part of the [user_credit_card_transactions] required_columns.
2024-05-13 20:46:13,380 - CRITICAL - Column: [card_type], is not part of the [user_credit_card_transactions] required_columns.
2024-05-13 20:46:13,383 - CRITICAL - Column: [card_type], is not part of the [user_credit_card_transactions] required_columns.
2024-05-13 20:46:13,387 - CRITICAL - Column: [card_type], is not part of the [user_credit_card_transactions] required_columns.
2024-05-13 20:46:13,390 - CRITICAL - Column: [card_type], is not part of the [user_credit_card_transactions] required_columns.
2024-05-13 20:46:13,394 - CRITICAL - Column: [card_type], is not part of the [user_credit_card_transactions] required_columns.
2024-05-13 20:46:13,397 - CRITICAL - Column: [card_type], is not part of the [user_credit_card_transactions] required_columns.
2024-05-13 20:46:13,401 - CRITICAL - Column: [card_type], is not part of the [user_credit_card_transactions] required_columns.
2024-05-13 20:46:13,404 - CRITICAL - Column: [card_type], is not part of the [user_credit_card_transactions] required_columns.
2024-05-13 20:46:13,408 - CRITICAL - Column: [card_type], is not part of the [user_credit_card_transactions] required_columns.
2024-05-13 20:46:13,412 - CRITICAL - Column: [card_type], is not part of the [user_credit_card_transactions] required_columns.
2024-05-13 20:46:13,415 - CRITICAL - Column: [card_type], is not part of the [user_credit_card_transactions] required_columns.
2024-05-13 20:46:13,418 - CRITICAL - Column: [card_type], is not part of the [user_credit_card_transactions] required_columns.
2024-05-13 20:46:13,421 - CRITICAL - Column: [card_type], is not part of the [user_credit_card_transactions] required_columns.
2024-05-13 20:46:13,425 - CRITICAL - Column: [card_type], is not part of the [user_credit_card_transactions] required_columns.
2024-05-13 20:46:13,428 - CRITICAL - Column: [card_type], is not part of the [user_credit_card_transactions] required_columns.
2024-05-13 20:46:13,431 - CRITICAL - Column: [card_type], is not part of the [user_credit_card_transactions] required_columns.
2024-05-13 20:46:13,435 - CRITICAL - Column: [card_type], is not part of the [user_credit_card_transactions] required_columns.
2024-05-13 20:46:13,438 - CRITICAL - Column: [card_type], is not part of the [user_credit_card_transactions] required_columns.
2024-05-13 20:46:13,441 - CRITICAL - Column: [card_type], is not part of the [user_credit_card_transactions] required_columns.
2024-05-13 20:46:13,459 - CRITICAL - Column: [card_type], is not part of the [user_credit_card_transactions] required_columns.
2024-05-13 20:46:13,462 - CRITICAL - Column: [card_type], is not part of the [user_credit_card_transactions] required_columns.
2024-05-13 20:46:13,466 - CRITICAL - Column: [card_type], is not part of the [user_credit_card_transactions] required_columns.
2024-05-13 20:46:13,469 - CRITICAL - Column: [card_type], is not part of the [user_credit_card_transactions] required_columns.
2024-05-13 20:46:13,472 - CRITICAL - Column: [card_type], is not part of the [user_credit_card_transactions] required_columns.
2024-05-13 20:46:13,476 - CRITICAL - Column: [card_type], is not part of the [user_credit_card_transactions] required_columns.
2024-05-13 20:46:13,479 - CRITICAL - Column: [card_type], is not part of the [user_credit_card_transactions] required_columns.
2024-05-13 20:46:13,482 - CRITICAL - Column: [card_type], is not part of the [user_credit_card_transactions] required_columns.
2024-05-13 20:46:13,485 - CRITICAL - Column: [card_type], is not part of the [user_credit_card_transactions] required_columns.
2024-05-13 20:46:13,489 - CRITICAL - Column: [card_type], is not part of the [user_credit_card_transactions] required_columns.
2024-05-13 20:46:13,492 - CRITICAL - Column: [card_type], is not part of the [user_credit_card_transactions] required_columns.
2024-05-13 20:46:13,495 - CRITICAL - Column: [card_type], is not part of the [user_credit_card_transactions] required_columns.
2024-05-13 20:46:13,498 - CRITICAL - Column: [card_type], is not part of the [user_credit_card_transactions] required_columns.
2024-05-13 20:46:13,502 - CRITICAL - Column: [card_type], is not part of the [user_credit_card_transactions] required_columns.
2024-05-13 20:46:13,505 - CRITICAL - Column: [card_type], is not part of the [user_credit_card_transactions] required_columns.
2024-05-13 20:46:13,508 - CRITICAL - Column: [card_type], is not part of the [user_credit_card_transactions] required_columns.
2024-05-13 20:46:13,512 - CRITICAL - Column: [card_type], is not part of the [user_credit_card_transactions] required_columns.
2024-05-13 20:46:13,515 - CRITICAL - Column: [card_type], is not part of the [user_credit_card_transactions] required_columns.
2024-05-13 20:46:13,519 - CRITICAL - Column: [card_type], is not part of the [user_credit_card_transactions] required_columns.
2024-05-13 20:46:13,522 - CRITICAL - Column: [card_type], is not part of the [user_credit_card_transactions] required_columns.
2024-05-13 20:46:13,525 - CRITICAL - Column: [card_type], is not part of the [user_credit_card_transactions] required_columns.
2024-05-13 20:46:13,534 - CRITICAL - Column: [card_type], is not part of the [user_credit_card_transactions] required_columns.
2024-05-13 20:46:13,537 - CRITICAL - Column: [card_type], is not part of the [user_credit_card_transactions] required_columns.
2024-05-13 20:46:13,540 - CRITICAL - Column: [card_type], is not part of the [user_credit_card_transactions] required_columns.
2024-05-13 20:46:13,543 - CRITICAL - Column: [card_type], is not part of the [user_credit_card_transactions] required_columns.
2024-05-13 20:46:13,547 - CRITICAL - Column: [card_type], is not part of the [user_credit_card_transactions] required_columns.
2024-05-13 20:46:13,550 - CRITICAL - Column: [card_type], is not part of the [user_credit_card_transactions] required_columns.
2024-05-13 20:46:13,554 - CRITICAL - Column: [card_type], is not part of the [user_credit_card_transactions] required_columns.
2024-05-13 20:46:13,557 - CRITICAL - Column: [card_type], is not part of the [user_credit_card_transactions] required_columns.
2024-05-13 20:46:13,560 - CRITICAL - Column: [card_type], is not part of the [user_credit_card_transactions] required_columns.
2024-05-13 20:46:13,563 - CRITICAL - Column: [card_type], is not part of the [user_credit_card_transactions] required_columns.
2024-05-13 20:46:13,567 - CRITICAL - Column: [card_type], is not part of the [user_credit_card_transactions] required_columns.
2024-05-13 20:46:13,570 - CRITICAL - Column: [card_type], is not part of the [user_credit_card_transactions] required_columns.
2024-05-13 20:46:13,573 - CRITICAL - Column: [card_type], is not part of the [user_credit_card_transactions] required_columns.
2024-05-13 20:46:13,577 - CRITICAL - Column: [card_type], is not part of the [user_credit_card_transactions] required_columns.
2024-05-13 20:46:13,580 - CRITICAL - Column: [card_type], is not part of the [user_credit_card_transactions] required_columns.
2024-05-13 20:46:13,583 - CRITICAL - Column: [card_type], is not part of the [user_credit_card_transactions] required_columns.
2024-05-13 20:46:13,587 - CRITICAL - Column: [card_type], is not part of the [user_credit_card_transactions] required_columns.
2024-05-13 20:46:13,590 - CRITICAL - Column: [card_type], is not part of the [user_credit_card_transactions] required_columns.
2024-05-13 20:46:13,594 - CRITICAL - Column: [card_type], is not part of the [user_credit_card_transactions] required_columns.
2024-05-13 20:46:13,597 - CRITICAL - Column: [card_type], is not part of the [user_credit_card_transactions] required_columns.
2024-05-13 20:46:13,600 - CRITICAL - Column: [card_type], is not part of the [user_credit_card_transactions] required_columns.
2024-05-13 20:46:13,604 - CRITICAL - Column: [card_type], is not part of the [user_credit_card_transactions] required_columns.
2024-05-13 20:46:13,607 - CRITICAL - Column: [card_type], is not part of the [user_credit_card_transactions] required_columns.
2024-05-13 20:46:13,610 - CRITICAL - Column: [card_type], is not part of the [user_credit_card_transactions] required_columns.
2024-05-13 20:46:13,614 - CRITICAL - Column: [card_type], is not part of the [user_credit_card_transactions] required_columns.
2024-05-13 20:46:13,618 - CRITICAL - Column: [card_type], is not part of the [user_credit_card_transactions] required_columns.
