2024-01-19 09:36:22,521 - INFO - Successfully connected to PostgreSQL database - localhost:5432
2024-01-19 09:37:01,139 - INFO - Successfully connected to PostgreSQL database - localhost:5432
2024-01-19 09:37:01,250 - INFO - Successfully added a new record to PostgreSQL database.
2024-01-19 09:37:01,254 - INFO - Successfully added a new record to PostgreSQL database.
2024-01-19 09:37:01,257 - INFO - Successfully added a new record to PostgreSQL database.
2024-01-19 09:37:01,260 - INFO - Successfully added a new record to PostgreSQL database.
2024-01-19 09:37:01,264 - INFO - Successfully added a new record to PostgreSQL database.
2024-01-19 09:37:01,267 - INFO - Successfully added a new record to PostgreSQL database.
2024-01-19 09:37:01,270 - INFO - Successfully added a new record to PostgreSQL database.
2024-01-19 09:37:01,273 - INFO - Successfully added a new record to PostgreSQL database.
2024-01-19 09:37:01,276 - INFO - Successfully added a new record to PostgreSQL database.
2024-01-19 09:37:01,280 - INFO - Successfully added a new record to PostgreSQL database.
2024-01-19 09:37:01,284 - INFO - Successfully added a new record to PostgreSQL database.
2024-01-19 09:37:01,289 - INFO - Successfully added a new record to PostgreSQL database.
2024-01-19 09:37:01,293 - INFO - Successfully added a new record to PostgreSQL database.
2024-01-19 09:37:01,298 - INFO - Successfully added a new record to PostgreSQL database.
2024-01-19 09:37:01,302 - INFO - Successfully added a new record to PostgreSQL database.
2024-01-19 09:37:01,387 - INFO - Successfully added a new record to PostgreSQL database.
2024-01-19 09:37:01,390 - INFO - Successfully added a new record to PostgreSQL database.
2024-01-19 09:37:01,394 - INFO - Successfully added a new record to PostgreSQL database.
2024-01-19 09:37:01,397 - INFO - Successfully added a new record to PostgreSQL database.
2024-01-19 09:37:01,401 - INFO - Successfully added a new record to PostgreSQL database.
2024-01-19 09:37:01,404 - INFO - Successfully added a new record to PostgreSQL database.
2024-01-19 09:37:01,408 - INFO - Successfully added a new record to PostgreSQL database.
2024-01-19 09:37:01,411 - INFO - Successfully added a new record to PostgreSQL database.
2024-01-19 09:37:01,414 - INFO - Successfully added a new record to PostgreSQL database.
2024-01-19 09:37:01,600 - INFO - Successfully added a new record to PostgreSQL database.
2024-01-19 09:37:01,603 - INFO - Successfully added a new record to PostgreSQL database.
2024-01-19 09:37:01,607 - INFO - Successfully added a new record to PostgreSQL database.
2024-01-19 09:37:01,610 - INFO - Successfully added a new record to PostgreSQL database.
2024-01-19 09:37:01,613 - INFO - Successfully added a new record to PostgreSQL database.
2024-01-19 09:37:01,616 - INFO - Successfully added a new record to PostgreSQL database.
2024-01-19 09:37:01,619 - INFO - Successfully added a new record to PostgreSQL database.
2024-01-19 09:37:01,623 - INFO - Successfully added a new record to PostgreSQL database.
2024-01-19 09:37:01,626 - INFO - Successfully added a new record to PostgreSQL database.
2024-01-19 09:37:01,707 - INFO - Successfully added a new record to PostgreSQL database.
2024-01-19 09:37:01,710 - INFO - Successfully added a new record to PostgreSQL database.
2024-01-19 09:37:01,714 - INFO - Successfully added a new record to PostgreSQL database.
2024-01-19 09:37:01,718 - INFO - Successfully added a new record to PostgreSQL database.
2024-01-19 09:37:01,721 - INFO - Successfully added a new record to PostgreSQL database.
2024-01-19 09:37:01,724 - INFO - Successfully added a new record to PostgreSQL database.
2024-01-19 09:37:01,728 - INFO - Successfully added a new record to PostgreSQL database.
2024-01-19 09:37:01,731 - INFO - Successfully added a new record to PostgreSQL database.
2024-01-19 09:37:01,734 - INFO - Successfully added a new record to PostgreSQL database.
2024-01-19 09:37:01,737 - INFO - Successfully added a new record to PostgreSQL database.
2024-01-19 09:37:01,740 - INFO - Successfully added a new record to PostgreSQL database.
2024-01-19 09:37:01,744 - INFO - Successfully added a new record to PostgreSQL database.
2024-01-19 09:37:01,805 - INFO - Successfully added a new record to PostgreSQL database.
2024-01-19 09:37:01,809 - INFO - Successfully added a new record to PostgreSQL database.
2024-01-19 09:37:01,904 - INFO - Successfully added a new record to PostgreSQL database.
2024-01-19 09:37:01,908 - INFO - Successfully added a new record to PostgreSQL database.
2024-01-19 09:37:01,912 - INFO - Successfully added a new record to PostgreSQL database.
2024-01-19 09:37:01,915 - INFO - Successfully added a new record to PostgreSQL database.
2024-01-19 09:37:01,920 - INFO - Successfully added a new record to PostgreSQL database.
2024-01-19 09:37:01,923 - INFO - Successfully added a new record to PostgreSQL database.
2024-01-19 09:37:01,926 - INFO - Successfully added a new record to PostgreSQL database.
2024-01-19 09:37:01,929 - INFO - Successfully added a new record to PostgreSQL database.
2024-01-19 09:37:01,933 - INFO - Successfully added a new record to PostgreSQL database.
2024-01-19 09:37:01,936 - INFO - Successfully added a new record to PostgreSQL database.
2024-01-19 09:37:01,940 - INFO - Successfully added a new record to PostgreSQL database.
2024-01-19 09:37:01,943 - INFO - Successfully added a new record to PostgreSQL database.
2024-01-19 09:37:01,947 - INFO - Successfully added a new record to PostgreSQL database.
2024-01-19 09:37:01,950 - INFO - Successfully added a new record to PostgreSQL database.
2024-01-19 09:37:01,954 - INFO - Successfully added a new record to PostgreSQL database.
2024-01-19 09:37:02,036 - INFO - Successfully added a new record to PostgreSQL database.
2024-01-19 09:37:02,039 - INFO - Successfully added a new record to PostgreSQL database.
2024-01-19 09:37:02,043 - INFO - Successfully added a new record to PostgreSQL database.
2024-01-19 09:37:02,046 - INFO - Successfully added a new record to PostgreSQL database.
2024-01-19 09:37:02,050 - INFO - Successfully added a new record to PostgreSQL database.
2024-01-19 09:37:02,053 - INFO - Successfully added a new record to PostgreSQL database.
2024-01-19 09:37:02,057 - INFO - Successfully added a new record to PostgreSQL database.
2024-01-19 09:37:02,060 - INFO - Successfully added a new record to PostgreSQL database.
2024-01-19 09:37:02,064 - INFO - Successfully added a new record to PostgreSQL database.
2024-01-19 09:37:02,067 - INFO - Successfully added a new record to PostgreSQL database.
2024-01-19 09:37:02,070 - INFO - Successfully added a new record to PostgreSQL database.
2024-01-19 09:37:02,073 - INFO - Successfully added a new record to PostgreSQL database.
2024-01-19 09:37:02,159 - INFO - Successfully added a new record to PostgreSQL database.
2024-01-19 09:37:02,162 - INFO - Successfully added a new record to PostgreSQL database.
2024-01-19 09:37:02,165 - INFO - Successfully added a new record to PostgreSQL database.
2024-01-19 09:37:02,168 - INFO - Successfully added a new record to PostgreSQL database.
2024-01-19 09:37:02,171 - INFO - Successfully added a new record to PostgreSQL database.
2024-01-19 09:37:02,175 - INFO - Successfully added a new record to PostgreSQL database.
2024-01-19 09:37:02,178 - INFO - Successfully added a new record to PostgreSQL database.
2024-01-19 09:37:02,181 - INFO - Successfully added a new record to PostgreSQL database.
2024-01-19 09:37:02,184 - INFO - Successfully added a new record to PostgreSQL database.
2024-01-19 09:37:02,187 - INFO - Successfully added a new record to PostgreSQL database.
2024-01-19 09:37:02,190 - INFO - Successfully added a new record to PostgreSQL database.
2024-01-19 09:37:02,193 - INFO - Successfully added a new record to PostgreSQL database.
2024-01-19 09:37:02,196 - INFO - Successfully added a new record to PostgreSQL database.
2024-01-19 09:37:02,199 - INFO - Successfully added a new record to PostgreSQL database.
2024-01-19 09:37:02,202 - INFO - Successfully added a new record to PostgreSQL database.
2024-01-19 09:37:02,290 - INFO - Successfully added a new record to PostgreSQL database.
2024-01-19 09:37:02,294 - INFO - Successfully added a new record to PostgreSQL database.
2024-01-19 09:37:02,297 - INFO - Successfully added a new record to PostgreSQL database.
2024-01-19 09:37:02,301 - INFO - Successfully added a new record to PostgreSQL database.
2024-01-19 09:37:02,304 - INFO - Successfully added a new record to PostgreSQL database.
2024-01-19 09:37:02,307 - INFO - Successfully added a new record to PostgreSQL database.
2024-01-19 09:37:02,312 - INFO - Successfully added a new record to PostgreSQL database.
2024-01-19 09:37:02,315 - INFO - Successfully added a new record to PostgreSQL database.
2024-01-19 09:37:02,318 - INFO - Successfully added a new record to PostgreSQL database.
2024-01-19 09:37:02,321 - INFO - Successfully added a new record to PostgreSQL database.
2024-01-19 09:37:02,324 - INFO - Successfully added a new record to PostgreSQL database.
2024-01-19 09:37:02,328 - INFO - Successfully added a new record to PostgreSQL database.
2024-01-19 09:37:02,333 - INFO - Successfully added a new record to PostgreSQL database.
2024-01-19 09:37:02,337 - INFO - Successfully added a new record to PostgreSQL database.
2024-01-19 09:37:02,342 - INFO - Successfully added a new record to PostgreSQL database.
2024-01-19 09:37:02,346 - INFO - Successfully added a new record to PostgreSQL database.
2024-01-19 09:37:02,446 - INFO - Successfully added a new record to PostgreSQL database.
2024-01-19 09:37:02,449 - INFO - Successfully added a new record to PostgreSQL database.
2024-01-19 09:37:02,452 - INFO - Successfully added a new record to PostgreSQL database.
2024-01-19 09:37:02,456 - INFO - Successfully added a new record to PostgreSQL database.
2024-01-19 09:37:02,460 - INFO - Successfully added a new record to PostgreSQL database.
2024-01-19 09:37:02,463 - INFO - Successfully added a new record to PostgreSQL database.
2024-01-19 09:37:02,466 - INFO - Successfully added a new record to PostgreSQL database.
2024-01-19 09:37:02,470 - INFO - Successfully added a new record to PostgreSQL database.
2024-01-19 09:37:02,473 - INFO - Successfully added a new record to PostgreSQL database.
2024-01-19 09:37:02,476 - INFO - Successfully added a new record to PostgreSQL database.
2024-01-19 09:37:02,479 - INFO - Successfully added a new record to PostgreSQL database.
2024-01-19 09:37:02,482 - INFO - Successfully added a new record to PostgreSQL database.
2024-01-19 09:37:02,485 - INFO - Successfully added a new record to PostgreSQL database.
2024-01-19 09:37:02,489 - INFO - Successfully added a new record to PostgreSQL database.
2024-01-19 09:37:02,492 - INFO - Successfully added a new record to PostgreSQL database.
2024-01-19 09:37:02,495 - INFO - Successfully added a new record to PostgreSQL database.
2024-01-19 09:37:02,498 - INFO - Successfully added a new record to PostgreSQL database.
2024-01-19 09:37:02,575 - INFO - Successfully added a new record to PostgreSQL database.
2024-01-19 09:37:02,579 - INFO - Successfully added a new record to PostgreSQL database.
2024-01-19 09:37:02,582 - INFO - Successfully added a new record to PostgreSQL database.
2024-01-19 09:37:02,585 - INFO - Successfully added a new record to PostgreSQL database.
2024-01-19 09:37:02,589 - INFO - Successfully added a new record to PostgreSQL database.
2024-01-19 09:37:02,593 - INFO - Successfully added a new record to PostgreSQL database.
2024-01-19 09:37:02,596 - INFO - Successfully added a new record to PostgreSQL database.
2024-01-19 09:37:02,599 - INFO - Successfully added a new record to PostgreSQL database.
2024-01-19 09:37:02,602 - INFO - Successfully added a new record to PostgreSQL database.
2024-01-19 09:37:02,606 - INFO - Successfully added a new record to PostgreSQL database.
2024-01-19 09:37:02,634 - INFO - Successfully added a new record to PostgreSQL database.
2024-01-19 09:37:02,637 - INFO - Successfully added a new record to PostgreSQL database.
2024-01-19 09:37:02,641 - INFO - Successfully added a new record to PostgreSQL database.
2024-01-19 09:38:02,273 - INFO - Successfully connected to PostgreSQL database - localhost:5432
2024-01-19 10:02:33,243 - INFO - Successfully connected to PostgreSQL database - localhost:5432
2024-01-19 10:02:33,355 - INFO - Successfully added a new record to PostgreSQL database.
2024-01-19 10:02:33,358 - INFO - Successfully added a new record to PostgreSQL database.
2024-01-19 10:02:33,361 - INFO - Successfully added a new record to PostgreSQL database.
2024-01-19 10:02:33,364 - INFO - Successfully added a new record to PostgreSQL database.
2024-01-19 10:02:33,367 - INFO - Successfully added a new record to PostgreSQL database.
2024-01-19 10:02:33,371 - INFO - Successfully added a new record to PostgreSQL database.
2024-01-19 10:02:33,374 - INFO - Successfully added a new record to PostgreSQL database.
2024-01-19 10:02:33,377 - INFO - Successfully added a new record to PostgreSQL database.
2024-01-19 10:02:33,380 - INFO - Successfully added a new record to PostgreSQL database.
2024-01-19 10:02:33,383 - INFO - Successfully added a new record to PostgreSQL database.
2024-01-19 10:02:33,387 - INFO - Successfully added a new record to PostgreSQL database.
2024-01-19 10:02:33,390 - INFO - Successfully added a new record to PostgreSQL database.
2024-01-19 10:02:33,393 - INFO - Successfully added a new record to PostgreSQL database.
2024-01-19 10:02:33,396 - INFO - Successfully added a new record to PostgreSQL database.
2024-01-19 10:02:33,399 - INFO - Successfully added a new record to PostgreSQL database.
2024-01-19 10:02:33,495 - INFO - Successfully added a new record to PostgreSQL database.
2024-01-19 10:02:33,499 - INFO - Successfully added a new record to PostgreSQL database.
2024-01-19 10:02:33,503 - INFO - Successfully added a new record to PostgreSQL database.
2024-01-19 10:02:33,506 - INFO - Successfully added a new record to PostgreSQL database.
2024-01-19 10:02:33,509 - INFO - Successfully added a new record to PostgreSQL database.
2024-01-19 10:02:33,512 - INFO - Successfully added a new record to PostgreSQL database.
2024-01-19 10:02:33,517 - INFO - Successfully added a new record to PostgreSQL database.
2024-01-19 10:02:33,521 - INFO - Successfully added a new record to PostgreSQL database.
2024-01-19 10:02:33,524 - INFO - Successfully added a new record to PostgreSQL database.
2024-01-19 10:02:33,716 - INFO - Successfully added a new record to PostgreSQL database.
2024-01-19 10:02:33,721 - INFO - Successfully added a new record to PostgreSQL database.
2024-01-19 10:02:33,724 - INFO - Successfully added a new record to PostgreSQL database.
2024-01-19 10:02:33,727 - INFO - Successfully added a new record to PostgreSQL database.
2024-01-19 10:02:33,730 - INFO - Successfully added a new record to PostgreSQL database.
2024-01-19 10:02:33,733 - INFO - Successfully added a new record to PostgreSQL database.
2024-01-19 10:02:33,736 - INFO - Successfully added a new record to PostgreSQL database.
2024-01-19 10:02:33,740 - INFO - Successfully added a new record to PostgreSQL database.
2024-01-19 10:02:33,743 - INFO - Successfully added a new record to PostgreSQL database.
2024-01-19 10:02:33,836 - INFO - Successfully added a new record to PostgreSQL database.
2024-01-19 10:02:33,841 - INFO - Successfully added a new record to PostgreSQL database.
2024-01-19 10:02:33,845 - INFO - Successfully added a new record to PostgreSQL database.
2024-01-19 10:02:33,849 - INFO - Successfully added a new record to PostgreSQL database.
2024-01-19 10:02:33,853 - INFO - Successfully added a new record to PostgreSQL database.
2024-01-19 10:02:33,856 - INFO - Successfully added a new record to PostgreSQL database.
2024-01-19 10:02:33,860 - INFO - Successfully added a new record to PostgreSQL database.
2024-01-19 10:02:33,863 - INFO - Successfully added a new record to PostgreSQL database.
2024-01-19 10:02:33,866 - INFO - Successfully added a new record to PostgreSQL database.
2024-01-19 10:02:33,869 - INFO - Successfully added a new record to PostgreSQL database.
2024-01-19 10:02:33,873 - INFO - Successfully added a new record to PostgreSQL database.
2024-01-19 10:02:33,876 - INFO - Successfully added a new record to PostgreSQL database.
2024-01-19 10:02:33,938 - INFO - Successfully added a new record to PostgreSQL database.
2024-01-19 10:02:33,941 - INFO - Successfully added a new record to PostgreSQL database.
2024-01-19 10:02:34,037 - INFO - Successfully added a new record to PostgreSQL database.
2024-01-19 10:02:34,041 - INFO - Successfully added a new record to PostgreSQL database.
2024-01-19 10:02:34,044 - INFO - Successfully added a new record to PostgreSQL database.
2024-01-19 10:02:34,048 - INFO - Successfully added a new record to PostgreSQL database.
2024-01-19 10:02:34,051 - INFO - Successfully added a new record to PostgreSQL database.
2024-01-19 10:02:34,055 - INFO - Successfully added a new record to PostgreSQL database.
2024-01-19 10:02:34,059 - INFO - Successfully added a new record to PostgreSQL database.
2024-01-19 10:02:34,062 - INFO - Successfully added a new record to PostgreSQL database.
2024-01-19 10:02:34,066 - INFO - Successfully added a new record to PostgreSQL database.
2024-01-19 10:02:34,069 - INFO - Successfully added a new record to PostgreSQL database.
2024-01-19 10:02:34,072 - INFO - Successfully added a new record to PostgreSQL database.
2024-01-19 10:02:34,076 - INFO - Successfully added a new record to PostgreSQL database.
2024-01-19 10:02:34,079 - INFO - Successfully added a new record to PostgreSQL database.
2024-01-19 10:02:34,083 - INFO - Successfully added a new record to PostgreSQL database.
2024-01-19 10:02:34,086 - INFO - Successfully added a new record to PostgreSQL database.
2024-01-19 10:02:34,169 - INFO - Successfully added a new record to PostgreSQL database.
2024-01-19 10:02:34,172 - INFO - Successfully added a new record to PostgreSQL database.
2024-01-19 10:02:34,175 - INFO - Successfully added a new record to PostgreSQL database.
2024-01-19 10:02:34,178 - INFO - Successfully added a new record to PostgreSQL database.
2024-01-19 10:02:34,181 - INFO - Successfully added a new record to PostgreSQL database.
2024-01-19 10:02:34,185 - INFO - Successfully added a new record to PostgreSQL database.
2024-01-19 10:02:34,188 - INFO - Successfully added a new record to PostgreSQL database.
2024-01-19 10:02:34,192 - INFO - Successfully added a new record to PostgreSQL database.
2024-01-19 10:02:34,195 - INFO - Successfully added a new record to PostgreSQL database.
2024-01-19 10:02:34,199 - INFO - Successfully added a new record to PostgreSQL database.
2024-01-19 10:02:34,202 - INFO - Successfully added a new record to PostgreSQL database.
2024-01-19 10:02:34,206 - INFO - Successfully added a new record to PostgreSQL database.
2024-01-19 10:02:34,294 - INFO - Successfully added a new record to PostgreSQL database.
2024-01-19 10:02:34,297 - INFO - Successfully added a new record to PostgreSQL database.
2024-01-19 10:02:34,301 - INFO - Successfully added a new record to PostgreSQL database.
2024-01-19 10:02:34,304 - INFO - Successfully added a new record to PostgreSQL database.
2024-01-19 10:02:34,307 - INFO - Successfully added a new record to PostgreSQL database.
2024-01-19 10:02:34,310 - INFO - Successfully added a new record to PostgreSQL database.
2024-01-19 10:02:34,314 - INFO - Successfully added a new record to PostgreSQL database.
2024-01-19 10:02:34,317 - INFO - Successfully added a new record to PostgreSQL database.
2024-01-19 10:02:34,320 - INFO - Successfully added a new record to PostgreSQL database.
2024-01-19 10:02:34,324 - INFO - Successfully added a new record to PostgreSQL database.
2024-01-19 10:02:34,327 - INFO - Successfully added a new record to PostgreSQL database.
2024-01-19 10:02:34,330 - INFO - Successfully added a new record to PostgreSQL database.
2024-01-19 10:02:34,333 - INFO - Successfully added a new record to PostgreSQL database.
2024-01-19 10:02:34,336 - INFO - Successfully added a new record to PostgreSQL database.
2024-01-19 10:02:34,340 - INFO - Successfully added a new record to PostgreSQL database.
2024-01-19 10:02:34,431 - INFO - Successfully added a new record to PostgreSQL database.
2024-01-19 10:02:34,435 - INFO - Successfully added a new record to PostgreSQL database.
2024-01-19 10:02:34,438 - INFO - Successfully added a new record to PostgreSQL database.
2024-01-19 10:02:34,442 - INFO - Successfully added a new record to PostgreSQL database.
2024-01-19 10:02:34,445 - INFO - Successfully added a new record to PostgreSQL database.
2024-01-19 10:02:34,448 - INFO - Successfully added a new record to PostgreSQL database.
2024-01-19 10:02:34,452 - INFO - Successfully added a new record to PostgreSQL database.
2024-01-19 10:02:34,455 - INFO - Successfully added a new record to PostgreSQL database.
2024-01-19 10:02:34,458 - INFO - Successfully added a new record to PostgreSQL database.
2024-01-19 10:02:34,462 - INFO - Successfully added a new record to PostgreSQL database.
2024-01-19 10:02:34,465 - INFO - Successfully added a new record to PostgreSQL database.
2024-01-19 10:02:34,468 - INFO - Successfully added a new record to PostgreSQL database.
2024-01-19 10:02:34,471 - INFO - Successfully added a new record to PostgreSQL database.
2024-01-19 10:02:34,474 - INFO - Successfully added a new record to PostgreSQL database.
2024-01-19 10:02:34,478 - INFO - Successfully added a new record to PostgreSQL database.
2024-01-19 10:02:34,481 - INFO - Successfully added a new record to PostgreSQL database.
2024-01-19 10:02:34,593 - INFO - Successfully added a new record to PostgreSQL database.
2024-01-19 10:02:34,596 - INFO - Successfully added a new record to PostgreSQL database.
2024-01-19 10:02:34,599 - INFO - Successfully added a new record to PostgreSQL database.
2024-01-19 10:02:34,602 - INFO - Successfully added a new record to PostgreSQL database.
2024-01-19 10:02:34,605 - INFO - Successfully added a new record to PostgreSQL database.
2024-01-19 10:02:34,609 - INFO - Successfully added a new record to PostgreSQL database.
2024-01-19 10:02:34,612 - INFO - Successfully added a new record to PostgreSQL database.
2024-01-19 10:02:34,615 - INFO - Successfully added a new record to PostgreSQL database.
2024-01-19 10:02:34,618 - INFO - Successfully added a new record to PostgreSQL database.
2024-01-19 10:02:34,622 - INFO - Successfully added a new record to PostgreSQL database.
2024-01-19 10:02:34,625 - INFO - Successfully added a new record to PostgreSQL database.
2024-01-19 10:02:34,628 - INFO - Successfully added a new record to PostgreSQL database.
2024-01-19 10:02:34,631 - INFO - Successfully added a new record to PostgreSQL database.
2024-01-19 10:02:34,634 - INFO - Successfully added a new record to PostgreSQL database.
2024-01-19 10:02:34,637 - INFO - Successfully added a new record to PostgreSQL database.
2024-01-19 10:02:34,640 - INFO - Successfully added a new record to PostgreSQL database.
2024-01-19 10:02:34,644 - INFO - Successfully added a new record to PostgreSQL database.
2024-01-19 10:02:34,723 - INFO - Successfully added a new record to PostgreSQL database.
2024-01-19 10:02:34,726 - INFO - Successfully added a new record to PostgreSQL database.
2024-01-19 10:02:34,730 - INFO - Successfully added a new record to PostgreSQL database.
2024-01-19 10:02:34,733 - INFO - Successfully added a new record to PostgreSQL database.
2024-01-19 10:02:34,736 - INFO - Successfully added a new record to PostgreSQL database.
2024-01-19 10:02:34,739 - INFO - Successfully added a new record to PostgreSQL database.
2024-01-19 10:02:34,742 - INFO - Successfully added a new record to PostgreSQL database.
2024-01-19 10:02:34,745 - INFO - Successfully added a new record to PostgreSQL database.
2024-01-19 10:02:34,748 - INFO - Successfully added a new record to PostgreSQL database.
2024-01-19 10:02:34,751 - INFO - Successfully added a new record to PostgreSQL database.
2024-01-19 10:02:34,780 - INFO - Successfully added a new record to PostgreSQL database.
2024-01-19 10:02:34,783 - INFO - Successfully added a new record to PostgreSQL database.
2024-01-19 10:02:34,786 - INFO - Successfully added a new record to PostgreSQL database.
2024-01-19 10:04:55,411 - INFO - Successfully connected to PostgreSQL database - localhost:5432
2024-01-19 10:05:50,068 - INFO - Successfully connected to PostgreSQL database - localhost:5432
2024-01-22 22:34:50,196 - INFO - Successfully connected to PostgreSQL database - localhost:5432
2024-01-22 22:36:13,974 - INFO - Successfully connected to PostgreSQL database - localhost:5432
2024-01-22 22:38:02,049 - INFO - Successfully connected to PostgreSQL database - localhost:5432
2024-01-22 22:38:19,463 - INFO - Successfully connected to PostgreSQL database - localhost:5432
2024-01-22 22:38:55,578 - INFO - Successfully connected to PostgreSQL database - localhost:5432
2024-01-22 22:39:43,044 - INFO - Successfully connected to PostgreSQL database - localhost:5432
2024-01-22 22:40:40,357 - INFO - Successfully connected to PostgreSQL database - localhost:5432
2024-01-22 22:41:03,422 - INFO - Successfully connected to PostgreSQL database - localhost:5432
2024-01-22 22:41:25,949 - INFO - Successfully connected to PostgreSQL database - localhost:5432
2024-01-22 22:41:52,091 - INFO - Successfully connected to PostgreSQL database - localhost:5432
2024-01-22 22:43:46,615 - INFO - Successfully connected to PostgreSQL database - localhost:5432
2024-01-22 22:44:31,896 - INFO - Successfully connected to PostgreSQL database - localhost:5432
2024-01-22 22:45:31,172 - INFO - Successfully connected to PostgreSQL database - localhost:5432
2024-01-23 07:01:16,347 - INFO - Successfully connected to PostgreSQL database - localhost:5432
2024-01-23 07:02:02,634 - INFO - Successfully connected to PostgreSQL database - localhost:5432
2024-01-23 07:06:45,990 - INFO - Successfully connected to PostgreSQL database - localhost:5432
2024-01-23 07:23:40,208 - INFO - Successfully connected to PostgreSQL database - localhost:5432
2024-01-23 19:40:37,773 - INFO - Successfully connected to PostgreSQL database - localhost:5432
2024-01-23 19:41:06,981 - INFO - Successfully connected to PostgreSQL database - localhost:5432
2024-01-23 19:41:37,784 - INFO - Successfully connected to PostgreSQL database - localhost:5432
2024-01-23 19:46:39,685 - INFO - Successfully connected to PostgreSQL database - localhost:5432
2024-01-23 19:47:44,617 - INFO - Successfully connected to PostgreSQL database - localhost:5432
2024-01-23 19:48:02,394 - INFO - Successfully connected to PostgreSQL database - localhost:5432
2024-01-23 19:49:32,532 - INFO - Successfully connected to PostgreSQL database - localhost:5432
2024-01-23 19:50:10,070 - INFO - Successfully connected to PostgreSQL database - localhost:5432
2024-01-23 20:06:14,056 - INFO - Successfully connected to PostgreSQL database - localhost:5432
2024-01-23 20:06:14,136 - INFO - Successfully added a new record to PostgreSQL database.
2024-01-23 20:08:19,624 - INFO - Successfully connected to PostgreSQL database - localhost:5432
2024-01-23 20:09:50,409 - INFO - Successfully connected to PostgreSQL database - localhost:5432
2024-01-23 20:10:49,102 - INFO - Successfully connected to PostgreSQL database - localhost:5432
2024-01-23 20:10:50,149 - ERROR - current transaction is aborted, commands ignored until end of transaction block
Traceback (most recent call last):
  File "C:\Dev\FinView_13_01_24\FinView\RDBMS\PostgreSQL.py", line 190, in is_value_exists
    cursor.execute(query, (value,))
psycopg2.errors.InFailedSqlTransaction: current transaction is aborted, commands ignored until end of transaction block

2024-01-23 20:11:17,769 - INFO - Successfully connected to PostgreSQL database - localhost:5432
2024-01-23 20:11:18,788 - ERROR - current transaction is aborted, commands ignored until end of transaction block
Traceback (most recent call last):
  File "C:\Dev\FinView_13_01_24\FinView\RDBMS\PostgreSQL.py", line 190, in is_value_exists
    cursor.execute(query, (value,))
psycopg2.errors.InFailedSqlTransaction: current transaction is aborted, commands ignored until end of transaction block

2024-01-23 20:11:28,276 - INFO - Successfully connected to PostgreSQL database - localhost:5432
2024-01-23 20:12:17,556 - INFO - Successfully connected to PostgreSQL database - localhost:5432
2024-01-23 20:12:25,331 - INFO - Successfully connected to PostgreSQL database - localhost:5432
2024-01-23 20:12:26,385 - INFO - Successfully added a new record to PostgreSQL database.
2024-01-23 20:17:22,917 - INFO - Successfully connected to PostgreSQL database - localhost:5432
2024-01-23 20:17:23,075 - INFO - Successfully connected to PostgreSQL database - localhost:5432
2024-01-23 20:20:34,541 - INFO - Successfully connected to PostgreSQL database - localhost:5432
2024-01-23 20:21:14,553 - INFO - Successfully connected to PostgreSQL database - localhost:5432
2024-01-23 20:21:14,759 - INFO - Successfully connected to PostgreSQL database - localhost:5432
2024-01-23 20:21:35,582 - INFO - Successfully connected to PostgreSQL database - localhost:5432
2024-01-23 20:21:35,965 - INFO - Successfully connected to PostgreSQL database - localhost:5432
2024-01-23 20:22:04,684 - INFO - Successfully connected to PostgreSQL database - localhost:5432
2024-01-23 20:22:17,959 - INFO - Successfully connected to PostgreSQL database - localhost:5432
2024-01-23 20:22:45,679 - INFO - Successfully connected to PostgreSQL database - localhost:5432
2024-01-23 20:22:45,763 - INFO - Successfully added a new record to PostgreSQL database.
2024-01-23 20:22:45,955 - INFO - Successfully connected to PostgreSQL database - localhost:5432
2024-01-23 20:22:47,559 - ERROR - current transaction is aborted, commands ignored until end of transaction block
Traceback (most recent call last):
  File "C:\Dev\FinView_13_01_24\FinView\RDBMS\PostgreSQL.py", line 198, in is_value_exists
    cursor.execute(query, (value,))
psycopg2.errors.InFailedSqlTransaction: current transaction is aborted, commands ignored until end of transaction block

2024-01-23 20:23:28,101 - INFO - Successfully connected to PostgreSQL database - localhost:5432
2024-01-23 20:24:08,901 - INFO - Successfully connected to PostgreSQL database - localhost:5432
2024-01-23 20:24:08,981 - INFO - Successfully added a new record to PostgreSQL database.
2024-01-23 20:24:25,367 - INFO - Successfully connected to PostgreSQL database - localhost:5432
2024-01-23 20:24:36,214 - INFO - Successfully connected to PostgreSQL database - localhost:5432
2024-01-23 20:24:46,603 - INFO - Successfully connected to PostgreSQL database - localhost:5432
2024-01-23 20:27:02,447 - INFO - Successfully connected to PostgreSQL database - localhost:5432
2024-01-23 20:27:02,459 - INFO - Successfully connected to PostgreSQL database - localhost:5432
2024-01-23 20:27:02,537 - INFO - Successfully added a new record to PostgreSQL database.
2024-01-23 20:27:04,088 - ERROR - current transaction is aborted, commands ignored until end of transaction block
Traceback (most recent call last):
  File "C:\Dev\FinView_13_01_24\FinView\RDBMS\PostgreSQL.py", line 198, in is_value_exists
    cursor.execute(query, (value,))
psycopg2.errors.InFailedSqlTransaction: current transaction is aborted, commands ignored until end of transaction block

2024-01-23 20:27:36,794 - INFO - Successfully connected to PostgreSQL database - localhost:5432
2024-01-23 20:27:43,413 - INFO - Successfully connected to PostgreSQL database - localhost:5432
2024-01-23 20:28:52,960 - INFO - Successfully connected to PostgreSQL database - localhost:5432
2024-01-23 20:34:35,847 - INFO - Successfully connected to PostgreSQL database - localhost:5432
2024-01-23 20:34:36,215 - INFO - Successfully added a new record to PostgreSQL database.
2024-01-23 20:35:07,786 - INFO - Successfully connected to PostgreSQL database - localhost:5432
2024-01-23 20:35:09,201 - ERROR - current transaction is aborted, commands ignored until end of transaction block
Traceback (most recent call last):
  File "C:\Dev\FinView_13_01_24\FinView\RDBMS\PostgreSQL.py", line 198, in is_value_exists
    cursor.execute(query, (value,))
psycopg2.errors.InFailedSqlTransaction: current transaction is aborted, commands ignored until end of transaction block

2024-01-23 20:35:25,885 - INFO - Successfully connected to PostgreSQL database - localhost:5432
2024-01-23 20:36:05,457 - INFO - Successfully connected to PostgreSQL database - localhost:5432
2024-01-23 21:40:41,354 - INFO - Successfully connected to PostgreSQL database - localhost:5432
2024-01-23 21:40:42,291 - INFO - Successfully connected to PostgreSQL database - localhost:5432
2024-01-23 21:40:42,420 - INFO - Successfully added a new record to PostgreSQL database.
2024-01-23 21:40:43,040 - ERROR - current transaction is aborted, commands ignored until end of transaction block
Traceback (most recent call last):
  File "C:\Dev\FinView_13_01_24\FinView\RDBMS\PostgreSQL.py", line 198, in is_value_exists
    cursor.execute(query, (value,))
psycopg2.errors.InFailedSqlTransaction: current transaction is aborted, commands ignored until end of transaction block

2024-01-23 21:41:30,603 - INFO - Successfully connected to PostgreSQL database - localhost:5432
2024-01-23 21:41:31,711 - ERROR - current transaction is aborted, commands ignored until end of transaction block
Traceback (most recent call last):
  File "C:\Dev\FinView_13_01_24\FinView\RDBMS\PostgreSQL.py", line 198, in is_value_exists
    cursor.execute(query, (value,))
psycopg2.errors.InFailedSqlTransaction: current transaction is aborted, commands ignored until end of transaction block

2024-01-23 21:41:41,580 - INFO - Successfully connected to PostgreSQL database - localhost:5432
2024-01-23 21:43:38,127 - INFO - Successfully connected to PostgreSQL database - localhost:5432
2024-01-23 21:43:39,457 - INFO - Successfully added a new record to PostgreSQL database.
2024-01-23 21:51:29,192 - INFO - Successfully connected to PostgreSQL database - localhost:5432
2024-01-23 21:51:30,264 - INFO - Successfully deleted a record in PostgreSQL database, Table: auth_user | Key: 33
2024-01-23 21:52:30,246 - INFO - Successfully connected to PostgreSQL database - localhost:5432
2024-01-23 21:53:57,726 - INFO - Successfully connected to PostgreSQL database - localhost:5432
2024-01-23 21:54:50,811 - INFO - Successfully connected to PostgreSQL database - localhost:5432
2024-01-23 21:56:24,730 - INFO - Successfully connected to PostgreSQL database - localhost:5432
2024-01-23 21:58:21,836 - INFO - Successfully connected to PostgreSQL database - localhost:5432
2024-01-23 21:59:16,822 - INFO - Successfully connected to PostgreSQL database - localhost:5432
2024-01-23 22:09:15,917 - INFO - Successfully connected to PostgreSQL database - localhost:5432
2024-01-23 22:09:56,820 - INFO - Successfully connected to PostgreSQL database - localhost:5432
2024-01-23 22:11:30,948 - INFO - Successfully connected to PostgreSQL database - localhost:5432
2024-01-23 22:11:52,020 - INFO - Successfully connected to PostgreSQL database - localhost:5432
2024-01-23 22:12:15,146 - INFO - Successfully connected to PostgreSQL database - localhost:5432
2024-01-23 22:12:25,547 - INFO - Successfully connected to PostgreSQL database - localhost:5432
2024-01-23 22:13:16,692 - INFO - Successfully connected to PostgreSQL database - localhost:5432
2024-01-23 22:13:44,698 - INFO - Successfully connected to PostgreSQL database - localhost:5432
2024-01-23 22:14:23,731 - INFO - Successfully connected to PostgreSQL database - localhost:5432
2024-01-23 22:14:33,527 - INFO - Successfully connected to PostgreSQL database - localhost:5432
2024-01-23 22:16:56,024 - INFO - Successfully connected to PostgreSQL database - localhost:5432
2024-01-23 22:18:44,839 - INFO - Successfully connected to PostgreSQL database - localhost:5432
2024-01-23 22:20:31,151 - INFO - Successfully connected to PostgreSQL database - localhost:5432
2024-01-23 22:23:42,050 - INFO - Successfully connected to PostgreSQL database - localhost:5432
2024-01-23 22:25:47,813 - INFO - Successfully connected to PostgreSQL database - localhost:5432
2024-01-23 22:27:08,415 - INFO - Successfully connected to PostgreSQL database - localhost:5432
2024-01-24 21:46:07,585 - INFO - Successfully connected to PostgreSQL database - localhost:5432
2024-01-26 12:14:20,139 - INFO - Successfully connected to PostgreSQL database - localhost:5432
2024-01-27 17:22:59,613 - INFO - Successfully connected to PostgreSQL database - localhost:5432
2024-01-27 17:26:32,745 - INFO - Successfully connected to PostgreSQL database - localhost:5432
2024-01-27 17:40:44,284 - INFO - Successfully connected to PostgreSQL database - localhost:5432
2024-01-27 18:23:05,421 - INFO - Successfully connected to PostgreSQL database - localhost:5432
2024-01-27 19:17:31,509 - INFO - Successfully connected to PostgreSQL database - localhost:5432
2024-01-27 20:01:03,107 - INFO - Successfully connected to PostgreSQL database - localhost:5432
2024-01-27 21:48:37,316 - INFO - Successfully connected to PostgreSQL database - localhost:5432
2024-01-28 20:06:04,389 - INFO - Successfully connected to PostgreSQL database - localhost:5432
2024-01-28 20:28:37,729 - INFO - Successfully connected to PostgreSQL database - localhost:5432
2024-01-28 22:05:41,756 - INFO - Successfully connected to PostgreSQL database - localhost:5432
2024-01-31 07:41:28,672 - INFO - Successfully connected to PostgreSQL database - localhost:5432
2024-01-31 11:29:36,792 - INFO - Successfully connected to PostgreSQL database - localhost:5432
2024-01-31 11:55:00,141 - INFO - Successfully connected to PostgreSQL database - localhost:5432
2024-01-31 12:15:03,925 - INFO - Successfully connected to PostgreSQL database - localhost:5432
2024-01-31 16:09:05,760 - INFO - Successfully connected to PostgreSQL database - localhost:5432
2024-02-01 20:47:31,333 - INFO - Successfully connected to PostgreSQL database - localhost:5432
2024-02-01 20:51:37,295 - INFO - Successfully connected to PostgreSQL database - localhost:5432
2024-02-01 20:53:41,753 - INFO - Successfully connected to PostgreSQL database - localhost:5432
2024-02-01 20:55:28,007 - INFO - Successfully connected to PostgreSQL database - localhost:5432
2024-02-01 20:56:33,889 - INFO - Successfully connected to PostgreSQL database - localhost:5432
2024-02-01 20:58:02,495 - INFO - Successfully connected to PostgreSQL database - localhost:5432
2024-02-01 21:00:49,148 - INFO - Successfully connected to PostgreSQL database - localhost:5432
2024-02-01 21:03:47,692 - INFO - Successfully connected to PostgreSQL database - localhost:5432
2024-02-01 21:04:42,847 - INFO - Successfully connected to PostgreSQL database - localhost:5432
2024-02-01 21:05:16,020 - INFO - Successfully connected to PostgreSQL database - localhost:5432
2024-02-01 21:09:09,982 - INFO - Successfully connected to PostgreSQL database - localhost:5432
2024-02-01 21:11:27,851 - INFO - Successfully connected to PostgreSQL database - localhost:5432
2024-02-01 21:15:55,820 - INFO - Successfully connected to PostgreSQL database - localhost:5432
2024-02-01 21:41:31,023 - INFO - Successfully connected to PostgreSQL database - localhost:5432
2024-02-01 21:57:29,692 - INFO - Successfully connected to PostgreSQL database - localhost:5432
2024-02-01 22:02:01,955 - INFO - Successfully connected to PostgreSQL database - localhost:5432
2024-02-01 22:06:30,184 - INFO - Successfully connected to PostgreSQL database - localhost:5432
2024-02-01 22:07:52,159 - INFO - Successfully connected to PostgreSQL database - localhost:5432
2024-02-01 22:08:36,560 - INFO - Successfully connected to PostgreSQL database - localhost:5432
2024-02-01 22:09:45,746 - INFO - Successfully connected to PostgreSQL database - localhost:5432
2024-02-01 22:15:52,357 - INFO - Successfully connected to PostgreSQL database - localhost:5432
2024-02-01 22:17:12,132 - INFO - Successfully connected to PostgreSQL database - localhost:5432
2024-02-02 07:19:15,657 - INFO - Successfully connected to PostgreSQL database - localhost:5432
2024-02-02 07:59:59,641 - INFO - Successfully connected to PostgreSQL database - localhost:5432
2024-02-02 09:46:31,477 - INFO - Successfully connected to PostgreSQL database - localhost:5432
2024-02-02 11:46:01,691 - INFO - Successfully connected to PostgreSQL database - localhost:5432
2024-02-02 12:06:59,265 - INFO - Successfully connected to PostgreSQL database - localhost:5432
