
2024-05-12 19:39:22,483 - CRITICAL - Error reading from INI file, predefined business name: 'Google YouTubePremium' not found.
2024-05-12 19:44:49,313 - CRITICAL - Error reading from INI file, predefined business name: 'Google YouTubePremium' not found.
2024-05-12 19:45:00,179 - CRITICAL - Error reading from INI file, predefined business name: 'Google YouTubePremium' not found.
2024-05-12 19:46:27,002 - CRITICAL - Error reading from INI file, predefined business name: 'Google YouTubePremium' not found.
2024-05-12 19:47:13,661 - CRITICAL - Error reading from INI file, predefined business name: 'Google YouTubePremium' not found.
2024-05-12 19:47:33,279 - CRITICAL - Error reading from INI file, predefined business name: 'Google YouTubePremium' not found.
2024-05-12 19:50:39,812 - CRITICAL - Error reading from INI file, predefined business name: 'Google YouTubePremium' not found.
2024-05-12 19:51:09,788 - CRITICAL - Error reading from INI file, predefined business name: 'Google YouTubePremium' not found.
2024-05-12 19:51:11,094 - CRITICAL - Error reading from INI file, predefined business name: 'Google YouTubePremium' not found.
2024-05-12 19:51:54,205 - CRITICAL - Error reading from INI file, predefined business name: 'Google YouTubePremium' not found.
2024-05-12 19:52:01,320 - CRITICAL - Error reading from INI file, predefined business name: 'Google YouTubePremium' not found.
2024-05-12 19:53:06,492 - CRITICAL - Error reading from INI file, predefined business name: 'Google YouTubePremium' not found.
2024-05-12 19:53:07,484 - CRITICAL - Error reading from INI file, predefined business name: 'Google YouTubePremium' not found.
2024-05-12 19:54:54,212 - CRITICAL - Error reading from INI file, predefined business name: 'Google YouTubePremium' not found.
2024-05-13 20:51:30,667 - CRITICAL - Error reading from INI file, predefined business name: 'GOOGLE *Spotify' not found.
2024-05-13 20:51:30,671 - CRITICAL - Error reading from INI file, predefined business name: 'GOOGLE *Spotify' not found.
2024-05-13 20:51:36,922 - CRITICAL - Error reading from INI file, predefined business name: 'Google YouTubePremium' not found.
2024-05-13 20:51:36,923 - CRITICAL - Error reading from INI file, predefined business name: 'Google YouTubePremium' not found.
2024-05-13 20:51:41,945 - CRITICAL - Error reading from INI file, predefined business name: 'Google FID' not found.
2024-05-13 20:51:41,950 - CRITICAL - Error reading from INI file, predefined business name: 'Google FID' not found.
2024-05-13 20:51:46,362 - CRITICAL - Error reading from INI file, predefined business name: 'BIT' not found.
2024-05-13 20:51:46,364 - CRITICAL - Error reading from INI file, predefined business name: 'BIT' not found.
2024-05-13 20:51:50,120 - CRITICAL - Error reading from INI file, predefined business name: 'LINKEDIN *582300253' not found.
2024-05-13 20:51:50,123 - CRITICAL - Error reading from INI file, predefined business name: 'LINKEDIN *582300253' not found.
2024-05-13 20:51:55,804 - CRITICAL - Error reading from INI file, predefined business name: 'PAYPAL *ALIPAYSINGA' not found.
2024-05-13 20:51:55,811 - CRITICAL - Error reading from INI file, predefined business name: 'PAYPAL *ALIPAYSINGA' not found.
2024-05-13 20:51:59,652 - CRITICAL - Error reading from INI file, predefined business name: 'Canva* 04128-10838826' not found.
2024-05-13 20:51:59,657 - CRITICAL - Error reading from INI file, predefined business name: 'Canva* 04128-10838826' not found.
2024-05-13 20:52:04,247 - CRITICAL - Error reading from INI file, predefined business name: 'PAYBOX' not found.
2024-05-13 20:52:04,251 - CRITICAL - Error reading from INI file, predefined business name: 'PAYBOX' not found.
2024-05-13 20:52:08,884 - CRITICAL - Error reading from INI file, predefined business name: 'Google Storage' not found.
2024-05-13 20:52:08,888 - CRITICAL - Error reading from INI file, predefined business name: 'Google Storage' not found.
2024-05-13 20:52:13,394 - CRITICAL - Error reading from INI file, predefined business name: 'GOOGLE *Spotify' not found.
2024-05-13 20:52:13,396 - CRITICAL - Error reading from INI file, predefined business name: 'GOOGLE *Spotify' not found.
2024-05-13 20:52:50,437 - CRITICAL - Error reading from INI file, predefined business name: 'BIT' not found.
2024-05-13 20:52:50,441 - CRITICAL - Error reading from INI file, predefined business name: 'BIT' not found.
2024-05-13 20:53:12,538 - CRITICAL - Error reading from INI file, predefined business name: 'Google Storage' not found.
2024-05-13 20:53:12,543 - CRITICAL - Error reading from INI file, predefined business name: 'Google Storage' not found.
2024-05-13 20:53:17,600 - CRITICAL - Error reading from INI file, predefined business name: 'PAYPAL *IHERB LLC' not found.
2024-05-13 20:53:23,966 - CRITICAL - Error reading from INI file, predefined business name: 'GOOGLE *Spotify' not found.
2024-05-13 20:53:23,968 - CRITICAL - Error reading from INI file, predefined business name: 'GOOGLE *Spotify' not found.
2024-05-13 20:53:32,150 - CRITICAL - Error reading from INI file, predefined business name: 'GOOGLE *YouTubePremium' not found.
2024-05-14 19:18:19,563 - CRITICAL - Error reading from INI file, predefined business name: 'AEGEAN AIRLI0000000UNLY8D' not found.
2024-05-14 19:18:19,566 - CRITICAL - Error reading from INI file, predefined business name: 'AEGEAN AIRLI0000000UNLY8D' not found.
2024-05-14 19:32:47,325 - CRITICAL - Error reading from INI file, predefined business name: 'AEGEAN AIRLI0000000UNLY8D' not found.
2024-05-14 19:32:47,327 - CRITICAL - Error reading from INI file, predefined business name: 'AEGEAN AIRLI0000000UNLY8D' not found.
2024-05-14 19:40:59,754 - CRITICAL - Error reading from INI file, predefined business name: 'AEGEAN AIRLI0000000UNLY8D' not found.
2024-05-14 19:40:59,757 - CRITICAL - Error reading from INI file, predefined business name: 'AEGEAN AIRLI0000000UNLY8D' not found.
2024-05-14 21:33:31,524 - CRITICAL - Error reading from INI file, predefined business name: 'AEGEAN AIRLI0000000UNLY8D' not found.
2024-05-14 21:33:31,526 - CRITICAL - Error reading from INI file, predefined business name: 'AEGEAN AIRLI0000000UNLY8D' not found.
2024-05-14 21:38:00,966 - CRITICAL - Error reading from INI file, predefined business name: 'AEGEAN AIRLI0000000UNLY8D' not found.
2024-05-14 21:38:00,968 - CRITICAL - Error reading from INI file, predefined business name: 'AEGEAN AIRLI0000000UNLY8D' not found.
2024-05-14 21:52:28,300 - CRITICAL - Error reading from INI file, predefined business name: 'AEGEAN AIRLI0000000UNLY8D' not found.
2024-05-14 21:52:28,303 - CRITICAL - Error reading from INI file, predefined business name: 'AEGEAN AIRLI0000000UNLY8D' not found.
